[    0.000000] Initializing cgroup subsys cpuset
[    0.000000] Initializing cgroup subsys cpu
[    0.000000] Initializing cgroup subsys cpuacct
[    0.000000] Linux version 4.4.0-210-generic (buildd@lgw01-amd64-009) (gcc version 5.4.0 20160609 (Ubuntu 5.4.0-6ubuntu1~16.04.12) ) #242-Ubuntu SMP Fri Apr 16 09:57:56 UTC 2021 (Ubuntu 4.4.0-210.242-generic 4.4.262)
[    0.000000] Command line: BOOT_IMAGE=/boot/vmlinuz-4.4.0-210-generic root=LABEL=cloudimg-rootfs ro console=tty1 console=ttyS0
[    0.000000] KERNEL supported cpus:
[    0.000000]   Intel GenuineIntel
[    0.000000]   AMD AuthenticAMD
[    0.000000]   Centaur CentaurHauls
[    0.000000] x86/fpu: Legacy x87 FPU detected.
[    0.000000] e820: BIOS-provided physical RAM map:
[    0.000000] BIOS-e820: [mem 0x0000000000000000-0x000000000009fbff] usable
[    0.000000] BIOS-e820: [mem 0x000000000009fc00-0x000000000009ffff] reserved
[    0.000000] BIOS-e820: [mem 0x00000000000f0000-0x00000000000fffff] reserved
[    0.000000] BIOS-e820: [mem 0x0000000000100000-0x000000003ffeffff] usable
[    0.000000] BIOS-e820: [mem 0x000000003fff0000-0x000000003fffffff] ACPI data
[    0.000000] BIOS-e820: [mem 0x00000000fec00000-0x00000000fec00fff] reserved
[    0.000000] BIOS-e820: [mem 0x00000000fee00000-0x00000000fee00fff] reserved
[    0.000000] BIOS-e820: [mem 0x00000000fffc0000-0x00000000ffffffff] reserved
[    0.000000] NX (Execute Disable) protection: active
[    0.000000] SMBIOS 2.5 present.
[    0.000000] Hypervisor detected: KVM
[    0.000000] Kernel/User page tables isolation: disabled
[    0.000000] e820: last_pfn = 0x3fff0 max_arch_pfn = 0x400000000
[    0.000000] MTRR: Disabled
[    0.000000] x86/PAT: MTRRs disabled, skipping PAT initialization too.
[    0.000000] CPU MTRRs all blank - virtualized system.
[    0.000000] x86/PAT: Configuration [0-7]: WB  WT  UC- UC  WB  WT  UC- UC  
[    0.000000] found SMP MP-table at [mem 0x0009fff0-0x0009ffff] mapped at [ffff88000009fff0]
[    0.000000] Scanning 1 areas for low memory corruption
[    0.000000] RAMDISK: [mem 0x362dc000-0x37165fff]
[    0.000000] ACPI: Early table checksum verification disabled
[    0.000000] ACPI: RSDP 0x00000000000E0000 000024 (v02 VBOX  )
[    0.000000] ACPI: XSDT 0x000000003FFF0030 00003C (v01 VBOX   VBOXXSDT 00000001 ASL  00000061)
[    0.000000] ACPI: FACP 0x000000003FFF00F0 0000F4 (v04 VBOX   VBOXFACP 00000001 ASL  00000061)
[    0.000000] ACPI: DSDT 0x000000003FFF0470 002325 (v02 VBOX   VBOXBIOS 00000002 INTL 20100528)
[    0.000000] ACPI: FACS 0x000000003FFF0200 000040
[    0.000000] ACPI: FACS 0x000000003FFF0200 000040
[    0.000000] ACPI: APIC 0x000000003FFF0240 00005C (v02 VBOX   VBOXAPIC 00000001 ASL  00000061)
[    0.000000] ACPI: SSDT 0x000000003FFF02A0 0001CC (v01 VBOX   VBOXCPUT 00000002 INTL 20100528)
[    0.000000] No NUMA configuration found
[    0.000000] Faking a node at [mem 0x0000000000000000-0x000000003ffeffff]
[    0.000000] NODE_DATA(0) allocated [mem 0x3ffeb000-0x3ffeffff]
[    0.000000] kvm-clock: Using msrs 4b564d01 and 4b564d00
[    0.000000] kvm-clock: cpu 0, msr 0:3ffe3001, primary cpu clock
[    0.000000] kvm-clock: using sched offset of 4885947911 cycles
[    0.000000] clocksource: kvm-clock: mask: 0xffffffffffffffff max_cycles: 0x1cd42e4dffb, max_idle_ns: 881590591483 ns
[    0.000000] Zone ranges:
[    0.000000]   DMA      [mem 0x0000000000001000-0x0000000000ffffff]
[    0.000000]   DMA32    [mem 0x0000000001000000-0x000000003ffeffff]
[    0.000000]   Normal   empty
[    0.000000]   Device   empty
[    0.000000] Movable zone start for each node
[    0.000000] Early memory node ranges
[    0.000000]   node   0: [mem 0x0000000000001000-0x000000000009efff]
[    0.000000]   node   0: [mem 0x0000000000100000-0x000000003ffeffff]
[    0.000000] Initmem setup node 0 [mem 0x0000000000001000-0x000000003ffeffff]
[    0.000000] ACPI: PM-Timer IO Port: 0x4008
[    0.000000] IOAPIC[0]: apic_id 2, version 32, address 0xfec00000, GSI 0-23
[    0.000000] ACPI: INT_SRC_OVR (bus 0 bus_irq 0 global_irq 2 dfl dfl)
[    0.000000] ACPI: INT_SRC_OVR (bus 0 bus_irq 9 global_irq 9 low level)
[    0.000000] Using ACPI (MADT) for SMP configuration information
[    0.000000] smpboot: Allowing 2 CPUs, 0 hotplug CPUs
[    0.000000] PM: Registered nosave memory: [mem 0x00000000-0x00000fff]
[    0.000000] PM: Registered nosave memory: [mem 0x0009f000-0x0009ffff]
[    0.000000] PM: Registered nosave memory: [mem 0x000a0000-0x000effff]
[    0.000000] PM: Registered nosave memory: [mem 0x000f0000-0x000fffff]
[    0.000000] e820: [mem 0x40000000-0xfebfffff] available for PCI devices
[    0.000000] Booting paravirtualized kernel on KVM
[    0.000000] clocksource: refined-jiffies: mask: 0xffffffff max_cycles: 0xffffffff, max_idle_ns: 7645519600211568 ns
[    0.000000] setup_percpu: NR_CPUS:512 nr_cpumask_bits:512 nr_cpu_ids:2 nr_node_ids:1
[    0.000000] PERCPU: Embedded 33 pages/cpu @ffff88003fc00000 s95192 r8192 d31784 u1048576
[    0.000000] Built 1 zonelists in Node order, mobility grouping on.  Total pages: 257912
[    0.000000] Policy zone: DMA32
[    0.000000] Kernel command line: BOOT_IMAGE=/boot/vmlinuz-4.4.0-210-generic root=LABEL=cloudimg-rootfs ro console=tty1 console=ttyS0
[    0.000000] PID hash table entries: 4096 (order: 3, 32768 bytes)
[    0.000000] Memory: 997792K/1048120K available (8644K kernel code, 1332K rwdata, 4044K rodata, 1492K init, 1164K bss, 50328K reserved, 0K cma-reserved)
[    0.000000] SLUB: HWalign=64, Order=0-3, MinObjects=0, CPUs=2, Nodes=1
[    0.000000] Hierarchical RCU implementation.
[    0.000000] 	Build-time adjustment of leaf fanout to 64.
[    0.000000] 	RCU restricting CPUs from NR_CPUS=512 to nr_cpu_ids=2.
[    0.000000] RCU: Adjusting geometry for rcu_fanout_leaf=64, nr_cpu_ids=2
[    0.000000] NR_IRQS:33024 nr_irqs:440 16
[    0.000000] Console: colour VGA+ 80x25
[    0.000000] console [tty1] enabled
[    0.000000] console [ttyS0] enabled
[    0.000000] tsc: Detected 1800.006 MHz processor
[    0.998327] Calibrating delay loop (skipped) preset value.. 3600.01 BogoMIPS (lpj=7200024)
[    1.007690] pid_max: default: 32768 minimum: 301
[    1.012007] ACPI: Core revision 20150930
[    1.019409] ACPI: 2 ACPI AML tables successfully acquired and loaded
[    1.044083] Security Framework initialized
[    1.054741] Yama: becoming mindful.
[    1.060187] AppArmor: AppArmor initialized
[    1.065103] Dentry cache hash table entries: 131072 (order: 8, 1048576 bytes)
[    1.078258] Inode-cache hash table entries: 65536 (order: 7, 524288 bytes)
[    1.093958] Mount-cache hash table entries: 2048 (order: 2, 16384 bytes)
[    1.106687] Mountpoint-cache hash table entries: 2048 (order: 2, 16384 bytes)
[    1.113923] Initializing cgroup subsys io
[    1.119285] Initializing cgroup subsys memory
[    1.125861] Initializing cgroup subsys devices
[    1.136340] Initializing cgroup subsys freezer
[    1.157905] Initializing cgroup subsys net_cls
[    1.174403] Initializing cgroup subsys perf_event
[    1.200537] Initializing cgroup subsys net_prio
[    1.223114] Initializing cgroup subsys hugetlb
[    1.244037] Initializing cgroup subsys pids
[    1.264388] mce: CPU supports 0 MCE banks
[    1.282448] Last level iTLB entries: 4KB 64, 2MB 8, 4MB 8
[    1.297858] Last level dTLB entries: 4KB 64, 2MB 0, 4MB 0, 1GB 4
[    1.315527] Spectre V1 : Mitigation: usercopy/swapgs barriers and __user pointer sanitization
[    1.338753] Spectre V2 : Mitigation: Enhanced IBRS
[    1.362947] Spectre V2 : Spectre v2 / SpectreRSB mitigation: Filling RSB on context switch
[    1.393351] Speculative Store Bypass: Vulnerable
[    1.519083] Freeing SMP alternatives memory: 36K
[    1.741950] ftrace: allocating 32380 entries in 127 pages
[    2.982120] smpboot: APIC(0) Converting physical 0 to logical package 0
[    3.018862] smpboot: Max logical packages: 1
[    3.070282] ..TIMER: vector=0x30 apic1=0 pin1=2 apic2=-1 pin2=-1
[    3.188935] smpboot: CPU0: Intel(R) Core(TM) i5-8265U CPU @ 1.60GHz (family: 0x6, model: 0x8e, stepping: 0xc)
[    3.214452] Performance Events: unsupported p6 CPU model 142 no PMU driver, software events only.
[    3.372990] KVM setup paravirtual spinlock
[    3.379602] x86: Booting SMP configuration:
[    3.383723] .... node  #0, CPUs:      #1
[    3.388631] kvm-clock: cpu 1, msr 0:3ffe3041, secondary cpu clock
[    3.394648] mce: CPU supports 0 MCE banks
[    3.399490] TSC synchronization [CPU#0 -> CPU#1]:
[    3.405086] Measured 74681 cycles TSC warp between CPUs, turning off TSC clock.
[    3.412915] tsc: Marking TSC unstable due to check_tsc_sync_source failed
[    0.786332] x86: Booted up 1 node, 2 CPUs
[    0.788006] smpboot: Total of 2 processors activated (7200.02 BogoMIPS)
[    0.796678] devtmpfs: initialized
[    0.804671] evm: security.selinux
[    0.808006] evm: security.SMACK64
[    0.812005] evm: security.SMACK64EXEC
[    0.815224] evm: security.SMACK64TRANSMUTE
[    0.816005] evm: security.SMACK64MMAP
[    0.820006] evm: security.ima
[    0.824004] evm: security.capability
[    0.832334] clocksource: jiffies: mask: 0xffffffff max_cycles: 0xffffffff, max_idle_ns: 7645041785100000 ns
[    0.836018] futex hash table entries: 512 (order: 3, 32768 bytes)
[    0.840356] pinctrl core: initialized pinctrl subsystem
[    0.844594] RTC time: 16:33:37, date: 04/29/23
[    0.849124] NET: Registered protocol family 16
[    0.864037] cpuidle: using governor ladder
[    0.880019] cpuidle: using governor menu
[    0.884028] PCCT header not found.
[    0.888101] ACPI: bus type PCI registered
[    0.892007] acpiphp: ACPI Hot Plug PCI Controller Driver version: 0.5
[    0.896495] PCI: Using configuration type 1 for base access
[    0.928698] ACPI: Added _OSI(Module Device)
[    0.932015] ACPI: Added _OSI(Processor Device)
[    0.936016] ACPI: Added _OSI(3.0 _SCP Extensions)
[    0.940010] ACPI: Added _OSI(Processor Aggregator Device)
[    0.948574] ACPI: Executed 1 blocks of module-level executable AML code
[    0.966221] ACPI: Interpreter enabled
[    0.968024] ACPI: (supports S0 S5)
[    0.972008] ACPI: Using IOAPIC for interrupt routing
[    0.976451] PCI: Using host bridge windows from ACPI; if necessary, use "pci=nocrs" and report a bug
[    0.990730] ACPI: PCI Root Bridge [PCI0] (domain 0000 [bus 00-ff])
[    0.992015] acpi PNP0A03:00: _OSC: OS supports [ASPM ClockPM Segments MSI]
[    0.996616] acpi PNP0A03:00: _OSC: not requesting OS control; OS requires [ExtendedConfig ASPM ClockPM MSI]
[    1.000016] acpi PNP0A03:00: fail to add MMCONFIG information, can't access extended PCI configuration space under this bridge.
[    1.004863] PCI host bridge to bus 0000:00
[    1.008011] pci_bus 0000:00: root bus resource [io  0x0000-0x0cf7 window]
[    1.016013] pci_bus 0000:00: root bus resource [io  0x0d00-0xffff window]
[    1.020005] pci_bus 0000:00: root bus resource [mem 0x000a0000-0x000bffff window]
[    1.024008] pci_bus 0000:00: root bus resource [mem 0x40000000-0xfdffffff window]
[    1.028010] pci_bus 0000:00: root bus resource [bus 00-ff]
[    1.050624] pci 0000:00:01.1: legacy IDE quirk: reg 0x10: [io  0x01f0-0x01f7]
[    1.052018] pci 0000:00:01.1: legacy IDE quirk: reg 0x14: [io  0x03f6]
[    1.056017] pci 0000:00:01.1: legacy IDE quirk: reg 0x18: [io  0x0170-0x0177]
[    1.060018] pci 0000:00:01.1: legacy IDE quirk: reg 0x1c: [io  0x0376]
[    1.122294] pci 0000:00:07.0: quirk: [io  0x4000-0x403f] claimed by PIIX4 ACPI
[    1.124106] pci 0000:00:07.0: quirk: [io  0x4100-0x410f] claimed by PIIX4 SMB
[    1.162089] ACPI: PCI Interrupt Link [LNKA] (IRQs 5 9 10 *11)
[    1.177886] ACPI: PCI Interrupt Link [LNKB] (IRQs 5 9 *10 11)
[    1.192396] ACPI: PCI Interrupt Link [LNKC] (IRQs 5 *9 10 11)
[    1.199092] ACPI: PCI Interrupt Link [LNKD] (IRQs 5 9 10 *11)
[    1.208700] ACPI: Enabled 2 GPEs in block 00 to 07
[    1.216133] vgaarb: setting as boot device: PCI:0000:00:02.0
[    1.220000] vgaarb: device added: PCI:0000:00:02.0,decodes=io+mem,owns=io+mem,locks=none
[    1.220013] vgaarb: loaded
[    1.224009] vgaarb: bridge control possible 0000:00:02.0
[    1.228915] SCSI subsystem initialized
[    1.236171] ACPI: bus type USB registered
[    1.240076] usbcore: registered new interface driver usbfs
[    1.244092] usbcore: registered new interface driver hub
[    1.248107] usbcore: registered new device driver usb
[    1.257016] PCI: Using ACPI for IRQ routing
[    1.264084] NetLabel: Initializing
[    1.268006] NetLabel:  domain hash size = 128
[    1.272009] NetLabel:  protocols = UNLABELED CIPSOv4
[    1.276018] NetLabel:  unlabeled traffic allowed by default
[    1.280170] amd_nb: Cannot enumerate AMD northbridges
[    1.284311] clocksource: Switched to clocksource kvm-clock
[    1.314872] AppArmor: AppArmor Filesystem Enabled
[    1.314872] pnp: PnP ACPI init
[    1.314872] pnp: PnP ACPI: found 3 devices
[    1.466607] clocksource: acpi_pm: mask: 0xffffff max_cycles: 0xffffff, max_idle_ns: 2085701024 ns
[    1.469455] NET: Registered protocol family 2
[    1.481676] TCP established hash table entries: 8192 (order: 4, 65536 bytes)
[    1.489234] TCP bind hash table entries: 8192 (order: 5, 131072 bytes)
[    1.495410] TCP: Hash tables configured (established 8192 bind 8192)
[    1.498998] UDP hash table entries: 512 (order: 2, 16384 bytes)
[    1.498998] UDP-Lite hash table entries: 512 (order: 2, 16384 bytes)
[    1.498998] NET: Registered protocol family 1
[    1.498998] pci 0000:00:00.0: Limiting direct PCI/PCI transfers
[    1.498998] pci 0000:00:01.0: Activating ISA DMA hang workarounds
[    1.498998] Unpacking initramfs...
[    2.062047] Freeing initrd memory: 14888K
[    2.201183] clocksource: tsc: mask: 0xffffffffffffffff max_cycles: 0x19f22f68897, max_idle_ns: 440795282550 ns
[    2.204604] platform rtc_cmos: registered platform RTC device (no PNP device found)
[    2.204604] Scanning for low memory corruption every 60 seconds
[    2.243231] audit: initializing netlink subsys (disabled)
[    2.253453] audit: type=2000 audit(1682786022.589:1): initialized
[    2.272586] Initialise system trusted keyring
[    2.282069] HugeTLB registered 2 MB page size, pre-allocated 0 pages
[    2.293525] zbud: loaded
[    2.296781] VFS: Disk quotas dquot_6.6.0
[    2.300391] VFS: Dquot-cache hash table entries: 512 (order 0, 4096 bytes)
[    2.304288] squashfs: version 4.0 (2009/01/31) Phillip Lougher
[    2.324069] fuse init (API version 7.23)
[    2.334815] Key type big_key registered
[    2.338029] Allocating IMA MOK and blacklist keyrings.
[    2.378452] Key type asymmetric registered
[    2.384616] Asymmetric key parser 'x509' registered
[    2.390348] Block layer SCSI generic (bsg) driver version 0.4 loaded (major 249)
[    2.400837] io scheduler noop registered
[    2.405808] io scheduler deadline registered (default)
[    2.409768] io scheduler cfq registered
[    2.409768] pci_hotplug: PCI Hot Plug PCI Core version: 0.5
[    2.409768] pciehp: PCI Express Hot Plug Controller Driver version: 0.4
[    2.409768] ACPI: AC Adapter [AC] (off-line)
[    2.409768] input: Power Button as /devices/LNXSYSTM:00/LNXPWRBN:00/input/input0
[    2.409768] ACPI: Power Button [PWRF]
[    2.409768] input: Sleep Button as /devices/LNXSYSTM:00/LNXSLPBN:00/input/input1
[    2.409768] ACPI: Sleep Button [SLPF]
[    2.490745] GHES: HEST is not enabled!
[    2.493270] ACPI: Battery Slot [BAT0] (battery present)
[    2.513206] Serial: 8250/16550 driver, 32 ports, IRQ sharing enabled
[    2.564974] 00:02: ttyS0 at I/O 0x3f8 (irq = 4, base_baud = 115200) is a 16550A
[    2.600947] Linux agpgart interface v0.103
[    2.618718] loop: module loaded
[    2.624311] scsi host0: ata_piix
[    2.629243] scsi host1: ata_piix
[    2.633078] ata1: PATA max UDMA/33 cmd 0x1f0 ctl 0x3f6 bmdma 0xd000 irq 14
[    2.639630] ata2: PATA max UDMA/33 cmd 0x170 ctl 0x376 bmdma 0xd008 irq 15
[    2.647735] libphy: Fixed MDIO Bus: probed
[    2.653435] tun: Universal TUN/TAP device driver, 1.6
[    2.667343] tun: (C) 1999-2004 Max Krasnyansky <maxk@qualcomm.com>
[    2.684942] PPP generic driver version 2.4.2
[    2.696801] ehci_hcd: USB 2.0 'Enhanced' Host Controller (EHCI) Driver
[    2.707188] ehci-pci: EHCI PCI platform driver
[    2.714418] ehci-platform: EHCI generic platform driver
[    2.719410] ohci_hcd: USB 1.1 'Open' Host Controller (OHCI) Driver
[    2.726439] ohci-pci: OHCI PCI platform driver
[    2.735242] ohci-platform: OHCI generic platform driver
[    2.746293] uhci_hcd: USB Universal Host Controller Interface driver
[    2.759277] i8042: PNP: PS/2 Controller [PNP0303:PS2K,PNP0f03:PS2M] at 0x60,0x64 irq 1,12
[    2.791573] serio: i8042 KBD port at 0x60,0x64 irq 1
[    2.808566] serio: i8042 AUX port at 0x60,0x64 irq 12
[    2.877028] mousedev: PS/2 mouse device common for all mice
[    2.896206] input: AT Translated Set 2 keyboard as /devices/platform/i8042/serio0/input/input2
[    2.916520] rtc_cmos rtc_cmos: rtc core: registered rtc_cmos as rtc0
[    2.931421] rtc_cmos rtc_cmos: alarms up to one day, 114 bytes nvram
[    2.948864] i2c /dev entries driver
[    2.956654] device-mapper: uevent: version 1.0.3
[    2.967407] device-mapper: ioctl: 4.34.0-ioctl (2015-10-28) initialised: dm-devel@redhat.com
[    2.986530] ledtrig-cpu: registered to indicate activity on CPUs
[    3.008056] NET: Registered protocol family 10
[    3.021082] NET: Registered protocol family 17
[    3.029740] Key type dns_resolver registered
[    3.040405] registered taskstats version 1
[    3.050668] Loading compiled-in X.509 certificates
[    3.059981] Loaded X.509 cert 'Build time autogenerated kernel key: cf00e047681d67edb2720680708b7d9498083038'
[    3.075402] zswap: loaded using pool lzo/zbud
[    3.095194] Key type trusted registered
[    3.117100] Key type encrypted registered
[    3.126906] AppArmor: AppArmor sha1 policy hashing enabled
[    3.138491] ima: No TPM chip found, activating TPM-bypass!
[    3.145016] ima: Allocated hash algorithm: sha1
[    3.150405] evm: HMAC attrs: 0x1
[    3.155916]   Magic number: 3:893:591
[    3.162071] rtc_cmos rtc_cmos: setting system clock to 2023-04-29 16:33:40 UTC (1682786020)
[    3.172360] BIOS EDD facility v0.16 2004-Jun-25, 0 devices found
[    3.180629] EDD information not available.
[    3.195698] Freeing unused kernel memory: 1492K
[    3.220892] Write protecting the kernel read-only data: 14336k
[    3.237852] Freeing unused kernel memory: 1584K
[    3.248066] Freeing unused kernel memory: 52K
Loading, please wait...
starting version 229
[    3.314806] random: systemd-udevd: uninitialized urandom read (16 bytes read, 6 bits of entropy available)
[    3.315137] random: udevadm: uninitialized urandom read (16 bytes read, 6 bits of entropy available)
[    3.315247] random: udevadm: uninitialized urandom read (16 bytes read, 6 bits of entropy available)
[    3.333748] random: udevadm: uninitialized urandom read (16 bytes read, 6 bits of entropy available)
[    3.333847] random: udevadm: uninitialized urandom read (16 bytes read, 6 bits of entropy available)
[    3.334112] random: udevadm: uninitialized urandom read (16 bytes read, 6 bits of entropy available)
[    3.334189] random: udevadm: uninitialized urandom read (16 bytes read, 6 bits of entropy available)
[    3.334239] random: udevadm: uninitialized urandom read (16 bytes read, 6 bits of entropy available)
[    3.334330] random: udevadm: uninitialized urandom read (16 bytes read, 6 bits of entropy available)
[    3.334379] random: udevadm: uninitialized urandom read (16 bytes read, 6 bits of entropy available)
[    3.572746] e1000: Intel(R) PRO/1000 Network Driver - version 7.3.21-k8-NAPI
[    3.596400] e1000: Copyright (c) 1999-2006 Intel Corporation.
[    3.613477] Fusion MPT base driver 3.04.20
[    3.621521] Copyright (c) 1999-2008 LSI Corporation
[    3.673633] Fusion MPT SPI Host driver 3.04.20
[    3.990272] input: ImExPS/2 Generic Explorer Mouse as /devices/platform/i8042/serio1/input/input4
[    4.926105] e1000 0000:00:03.0 eth0: (PCI:33MHz:32-bit) 02:be:82:6b:cc:1d
[    4.929753] e1000 0000:00:03.0 eth0: Intel(R) PRO/1000 Network Connection
[    4.941742] mptbase: ioc0: Initiating bringup
[    5.133319] ioc0: LSI53C1030 A0: Capabilities={Initiator}
[    6.086235] scsi host2: ioc0: LSI53C1030 A0, FwRev=00000000h, Ports=1, MaxQ=256, IRQ=20
[    6.237734] scsi 2:0:0:0: Direct-Access     VBOX     HARDDISK         1.0  PQ: 0 ANSI: 5
[    6.266853] scsi target2:0:0: Beginning Domain Validation
[    6.343505] scsi target2:0:0: Domain Validation skipping write tests
[    6.353633] scsi target2:0:0: Ending Domain Validation
[    6.359735] scsi target2:0:0: asynchronous
[    6.368795] scsi 2:0:1:0: Direct-Access     VBOX     HARDDISK         1.0  PQ: 0 ANSI: 5
[    6.381725] scsi target2:0:1: Beginning Domain Validation
[    6.405629] scsi target2:0:1: Domain Validation skipping write tests
[    6.413711] scsi target2:0:1: Ending Domain Validation
[    6.424597] scsi target2:0:1: asynchronous
[    6.475499] sd 2:0:0:0: Attached scsi generic sg0 type 0
[    6.494140] sd 2:0:1:0: Attached scsi generic sg1 type 0
[    6.512508] sd 2:0:0:0: [sda] 83886080 512-byte logical blocks: (42.9 GB/40.0 GiB)
[    6.527297] sd 2:0:1:0: [sdb] 20480 512-byte logical blocks: (10.5 MB/10.0 MiB)
[    6.546403] sd 2:0:1:0: [sdb] Write Protect is off
[    6.556896] sd 2:0:1:0: [sdb] Incomplete mode parameter data
[    6.587624] sd 2:0:1:0: [sdb] Assuming drive cache: write through
[    6.608633] sd 2:0:0:0: [sda] Write Protect is off
[    6.622009] sd 2:0:0:0: [sda] Incomplete mode parameter data
[    6.630037] sd 2:0:0:0: [sda] Assuming drive cache: write through
[    6.648926]  sda: sda1
[    6.665258] sd 2:0:1:0: [sdb] Attached SCSI disk
[    6.673605] sd 2:0:0:0: [sda] Attached SCSI disk
[    7.536324] e1000 0000:00:08.0 eth1: (PCI:33MHz:32-bit) 08:00:27:13:d8:1a
[    7.536324] e1000 0000:00:08.0 eth1: Intel(R) PRO/1000 Network Connection
[    7.627545] e1000 0000:00:08.0 enp0s8: renamed from eth1
[    8.023615] e1000 0000:00:03.0 enp0s3: renamed from eth0
Begin: Loading essential drivers ... [   10.540752] md: linear personality registered for level -1
[   10.550823] md: multipath personality registered for level -4
[   10.561931] md: raid0 personality registered for level 0
[   10.584548] md: raid1 personality registered for level 1
[   10.664970] raid6: sse2x1   gen()  7526 MB/s
[   10.736697] raid6: sse2x1   xor()  3374 MB/s
[   10.813004] raid6: sse2x2   gen()  4927 MB/s
[   10.893267] raid6: sse2x2   xor()  3177 MB/s
[   10.972973] raid6: sse2x4   gen()  4096 MB/s
[   11.052869] raid6: sse2x4   xor()  3355 MB/s
[   11.059432] raid6: using algorithm sse2x1 gen() 7526 MB/s
[   11.067848] raid6: .... xor() 3374 MB/s, rmw enabled
[   11.075422] raid6: using ssse3x2 recovery algorithm
[   11.090841] xor: measuring software checksum speed
[   16.196987]    prefetch64-sse: -2130725.-296 MB/sec
[   16.313980]    generic_sse: 49167.000 MB/sec
[   16.327811] xor: using function: generic_sse (49167.000 MB/sec)
[   16.353577] async_tx: api initialized (async)
[   16.487820] md: raid6 personality registered for level 6
[   16.499507] md: raid5 personality registered for level 5
[   16.515080] md: raid4 personality registered for level 4
[   16.586226] md: raid10 personality registered for level 10
done.
Begin: Running /scripts/init-premount ... done.
Begin: Mounting root file system ... Begin: Running /scripts/local-top ... done.
Begin: Running /scripts/local-premount ... [   16.756059] Btrfs loaded
Scanning for Btrfs filesystems
done.
Warning: fsck not present, so skipping root file system
[   16.898450] EXT4-fs (sda1): mounted filesystem with ordered data mode. Opts: (null)
done.
Begin: Running /scripts/local-bottom ... done.
Begin: Running /scripts/init-bottom ... done.
[   17.359020] systemd[1]: systemd 229 running in system mode. (+PAM +AUDIT +SELINUX +IMA +APPARMOR +SMACK +SYSVINIT +UTMP +LIBCRYPTSETUP +GCRYPT +GNUTLS +ACL +XZ -LZ4 +SECCOMP +BLKID +ELFUTILS +KMOD -IDN)
[   17.383031] systemd[1]: Detected virtualization oracle.
[   17.388845] systemd[1]: Detected architecture x86-64.

Welcome to [1mUbuntu 16.04.7 LTS[0m!

[   17.403570] systemd[1]: Set hostname to <ubuntu>.
[   17.414901] systemd[1]: Initializing machine ID from random generator.
[   17.422430] systemd[1]: Installed transient /etc/machine-id file.
[   18.055079] systemd[1]: Listening on Journal Socket (/dev/log).
[[0;32m  OK  [0m] Listening on Journal Socket (/dev/log).
[   18.069582] systemd[1]: Started Trigger resolvconf update for networkd DNS.
[[0;32m  OK  [0m] Started Trigger resolvconf update for networkd DNS.
[   18.090536] systemd[1]: Reached target Swap.
[[0;32m  OK  [0m] Reached target Swap.
[   18.110829] systemd[1]: Reached target Encrypted Volumes.
[[0;32m  OK  [0m] Reached target Encrypted Volumes.
[   18.133011] systemd[1]: Listening on Journal Socket.
[[0;32m  OK  [0m] Listening on Journal Socket.
[   18.155189] systemd[1]: Listening on Device-mapper event daemon FIFOs.
[[0;32m  OK  [0m] Listening on Device-mapper event daemon FIFOs.
[   18.172025] systemd[1]: Listening on udev Control Socket.
[[0;32m  OK  [0m] Listening on udev Control Socket.
[   18.181637] systemd[1]: Listening on LVM2 poll daemon socket.
[[0;32m  OK  [0m] Listening on LVM2 poll daemon socket.
[   18.192769] systemd[1]: Created slice User and Session Slice.
[[0;32m  OK  [0m] Created slice User and Session Slice.
[   18.203313] systemd[1]: Created slice System Slice.
[[0;32m  OK  [0m] Created slice System Slice.
[   18.233439] systemd[1]: Starting Nameserver information manager...
         Starting Nameserver information manager...
[   18.259466] systemd[1]: Mounting POSIX Message Queue File System...
         Mounting POSIX Message Queue File System...
[   18.298093] systemd[1]: Starting Create list of required static device nodes for the current kernel...
         Starting Create list of required st... nodes for the current kernel...
[   18.346889] systemd[1]: Starting Uncomplicated firewall...
         Starting Uncomplicated firewall...
[   18.377569] systemd[1]: Reached target Slices.
[[0;32m  OK  [0m] Reached target Slices.
[   18.401352] systemd[1]: Created slice system-serial\x2dgetty.slice.
[[0;32m  OK  [0m] Created slice system-serial\x2dgetty.slice.
[   18.427085] systemd[1]: Set up automount Arbitrary Executable File Formats File System Automount Point.
[[0;32m  OK  [0m] Set up automount Arbitrary Executab...ats File System Automount Point.
[   18.450089] systemd[1]: Listening on fsck to fsckd communication Socket.
[[0;32m  OK  [0m] Listening on fsck to fsckd communication Socket.
[   18.484310] systemd[1]: Starting File System Check on Root Device...
[   18.491701] random: nonblocking pool is initialized
         Starting File System Check on Root Device...
[   18.510184] systemd[1]: Starting Load Kernel Modules...
         Starting Load Kernel Modules...
[   18.529296] systemd[1]: Reached target User and Group Name Lookups.
[[0;32m  OK  [0m] Reached target User and Group Name Lookups.
[   18.545944] Loading iSCSI transport class v2.0-870.
[   18.556439] systemd[1]: Starting Set console keymap...
         Starting Set console keymap...
[   18.629966] iscsi: registered transport (tcp)
[   18.666355] systemd[1]: Mounting Debug File System...
         Mounting Debug File System...
[   18.765825] systemd[1]: Listening on /dev/initctl Compatibility Named Pipe.
[[0;32m  OK  [0m] Listening on /dev/initctl Compatibility Named Pipe.
[   18.834545] systemd[1]: Listening on Syslog Socket.
[[0;32m  OK  [0m] Listening on Syslog Socket.
[   18.956814] systemd[1]: Mounting Huge Pages File System...
         Mounting Huge Pages File System...
[   19.105324] systemd[1]: Listening on LVM2 metadata daemon socket.
[[0;32m  OK  [0m] Listening on LVM2 metadata daemon socket.
[   19.220933] systemd[1]: Starting Monitoring of LVM2 mirrors, snapshots etc. using dmeventd or progress polling...
         Starting Monitoring of LVM2 mirrors... dmeventd or progress polling...
[   19.289071] systemd[1]: Reached target System Time Synchronized.
[[0;32m  OK  [0m] Reached target System Time Synchronized.
[   19.343206] systemd[1]: Listening on Journal Audit Socket.
[[0;32m  OK  [0m] Listening on Journal Audit Socket.
[   19.382062] iscsi: registered transport (iser)
[   19.402796] systemd[1]: Starting Journal Service...
         Starting Journal Service...
[   19.446288] systemd[1]: Started Forward Password Requests to Wall Directory Watch.
[[0;32m  OK  [0m] Started Forward Password Requests to Wall Directory Watch.
[   19.475657] systemd[1]: Listening on udev Kernel Socket.
[[0;32m  OK  [0m] Listening on udev Kernel Socket.
[   19.490758] systemd[1]: Mounted Huge Pages File System.
[[0;32m  OK  [0m] Mounted Huge Pages File System.
[   19.505834] systemd[1]: Mounted POSIX Message Queue File System.
[[0;32m  OK  [0m] Mounted POSIX Message Queue File System.
[   19.533465] systemd[1]: Mounted Debug File System.
[[0;32m  OK  [0m] Mounted Debug File System.
[   19.565581] systemd[1]: Started Journal Service.
[[0;32m  OK  [0m] Started Journal Service.
[[0;32m  OK  [0m] Started Create list of required sta...ce nodes for the current kernel.
[[0;32m  OK  [0m] Started Uncomplicated firewall.
[[0;32m  OK  [0m] Started File System Check on Root Device.
[[0;32m  OK  [0m] Started Load Kernel Modules.
[[0;32m  OK  [0m] Started Set console keymap.
[[0;32m  OK  [0m] Started Nameserver information manager.
[[0;32m  OK  [0m] Started LVM2 metadata daemon.
[[0;32m  OK  [0m] Started File System Check Daemon to report status.
         Starting Apply Kernel Variables...
         Mounting FUSE Control File System...
         Starting Remount Root and Kernel File Systems...
         Starting Create Static Device Nodes in /dev...
[[0;32m  OK  [0m] Mounted FUSE Control File System.
[[0;32m  OK  [0m] Started Apply Kernel Variables.
[[0;32m  OK  [0m] Started Remount Root and Kernel File Systems.
[[0;32m  OK  [0m] Started Create Static Device Nodes in /dev.
         Starting udev Kernel Device Manager...
         Starting udev Coldplug all Devices...
         Starting Flush Journal to Persistent Storage...
         Starting Load/Save Random Seed...
[[0;32m  OK  [0m] Started udev Kernel Device Manager.
[[0;32m  OK  [0m] Started Load/Save Random Seed.
[[0;32m  OK  [0m] Started Monitoring of LVM2 mirrors,...ng dmeventd or progress polling.
[[0;32m  OK  [0m] Reached target Local File Systems (Pre).
[[0;32m  OK  [0m] Reached target Local File Systems.
         Starting Tell Plymouth To Write Out Runtime Data...
         Starting Set console font and keymap...
         Starting Initial cloud-init job (pre-networking)...
         Starting LSB: AppArmor initialization...
         Starting Commit a transient machine-id on disk...
[[0;32m  OK  [0m] Started udev Coldplug all Devices.
[[0;32m  OK  [0m] Started Tell Plymouth To Write Out Runtime Data.
[[0;32m  OK  [0m] Started Commit a transient machine-id on disk.
[[0;32m  OK  [0m] Started Flush Journal to Persistent Storage.
         Starting Create Volatile Files and Directories...
[[0;32m  OK  [0m] Started Dispatch Password Requests to Console Directory Watch.
[[0;32m  OK  [0m] Started Create Volatile Files and Directories.
         Starting Update UTMP about System Boot/Shutdown...
[[0;32m  OK  [0m] Started Update UTMP about System Boot/Shutdown.
[[0;32m  OK  [0m] Found device /dev/ttyS0.
[[0;32m  OK  [0m] Listening on Load/Save RF Kill Switch Status /dev/rfkill Watch.
[[0;32m  OK  [0m] Started LSB: AppArmor initialization.
[   24.890070] cloud-init[486]: Cloud-init v. 21.1-19-gbad84ad4-0ubuntu1~16.04.2 running 'init-local' at Sat, 29 Apr 2023 16:34:01 +0000. Up 24.00 seconds.
         Starting Load AppArmor profiles managed internally by snapd...
[[0;32m  OK  [0m] Started Initial cloud-init job (pre-networking).
[[0;32m  OK  [0m] Started Load AppArmor profiles managed internally by snapd.
[[0;32m  OK  [0m] Reached target Network (Pre).
         Starting Raise network interfaces...
[[0;32m  OK  [0m] Started Set console font and keymap.
[[0;32m  OK  [0m] Created slice system-getty.slice.
[[0;32m  OK  [0m] Started Raise network interfaces.
         Starting Initial cloud-init job (metadata service crawler)...
[[0;32m  OK  [0m] Reached target Network.
[   29.117731] cloud-init[949]: Cloud-init v. 21.1-19-gbad84ad4-0ubuntu1~16.04.2 running 'init' at Sat, 29 Apr 2023 16:34:05 +0000. Up 27.72 seconds.
[   29.135032] cloud-init[949]: ci-info: ++++++++++++++++++++++++++++++++++++++Net device info+++++++++++++++++++++++++++++++++++++++
[   29.150696] cloud-init[949]: ci-info: +--------+-------+----------------------------+---------------+--------+-------------------+
[   29.170227] cloud-init[949]: ci-info: | Device |   Up  |          Address           |      Mask     | Scope  |     Hw-Address    |
[   29.188770] cloud-init[949]: ci-info: +--------+-------+----------------------------+---------------+--------+-------------------+
[   29.210848] cloud-init[949]: ci-info: | enp0s3 |  True |         10.0.2.15          | 255.255.255.0 | global | 02:be:82:6b:cc:1d |
[   29.222624] cloud-init[949]: ci-info: | enp0s3 |  True | fe80::be:82ff:fe6b:cc1d/64 |       .       |  link  | 02:be:82:6b:cc:1d |
[   29.234172] cloud-init[949]: ci-info: | enp0s8 | False |             .              |       .       |   .    | 08:00:27:13:d8:1a |
[   29.249994] cloud-init[949]: ci-info: |   lo   |  True |         127.0.0.1          |   255.0.0.0   |  host  |         .         |
[   29.263544] cloud-init[949]: ci-info: |   lo   |  True |          ::1/128           |       .       |  host  |         .         |
[   29.276335] cloud-init[949]: ci-info: +--------+-------+----------------------------+---------------+--------+-------------------+
[   29.290235] cloud-init[949]: ci-info: +++++++++++++++++++++++++++Route IPv4 info++++++++++++++++++++++++++++
[   29.305841] cloud-init[949]: ci-info: +-------+-------------+----------+---------------+-----------+-------+
[   29.321555] cloud-init[949]: ci-info: | Route | Destination | Gateway  |    Genmask    | Interface | Flags |
[   29.338165] cloud-init[949]: ci-info: +-------+-------------+----------+---------------+-----------+-------+
[   29.354729] cloud-init[949]: ci-info: |   0   |   0.0.0.0   | 10.0.2.2 |    0.0.0.0    |   enp0s3  |   UG  |
[   29.371632] cloud-init[949]: ci-info: |   1   |   10.0.2.0  | 0.0.0.0  | 255.255.255.0 |   enp0s3  |   U   |
[   29.386773] cloud-init[949]: ci-info: +-------+-------------+----------+---------------+-----------+-------+
[   29.401833] cloud-init[949]: ci-info: +++++++++++++++++++Route IPv6 info+++++++++++++++++++
[   29.414240] cloud-init[949]: ci-info: +-------+-------------+---------+-----------+-------+
[   29.422187] cloud-init[949]: ci-info: | Route | Destination | Gateway | Interface | Flags |
[   29.428335] cloud-init[949]: ci-info: +-------+-------------+---------+-----------+-------+
[   29.434663] cloud-init[949]: ci-info: |   0   |  fe80::/64  |    ::   |   enp0s3  |   U   |
[[0;32m  OK  [0m] Started Initial cloud-init job (metadata service crawler).
[[0;32m  OK  [0m] Reached target Network is Online.
[   29.446250] cloud-init[949]: ci-info: |   3   |   ff00::/8  |    ::   |   enp0s3  |   U   |
[   29.473092] cloud-init[949]: ci-info: +-------+-------------+---------+-----------+-------+
[   29.484285] cloud-init[949]: Generating public/private rsa key pair.
[   29.493919] cloud-init[949]: Your identification has been saved in /etc/ssh/ssh_host_rsa_key.
         Starting iSCSI initiator daemon (iscsid)...
[   29.506614] cloud-init[949]: Your public key has been saved in /etc/ssh/ssh_host_rsa_key.pub.
[[0;32m  OK  [0m] Reached target System Initialization.
[   29.530443]          Starting Socket activation for snappy daemon.
[[0;32m  OK  [0m] Listening on D-Bus System Message Bus Socket.
[[0;32m  OK  [0m] Listening on ACPID Listen Socket.
[[0;32m  OK  [0m] Listening on UUID daemon activation socket.
cloud-init[[0;32m  OK  [0m] Started ACPI Events Check.
[[0;32m  OK  [0m] Reached target Paths.
[[0;32m  OK  [0m] Started Ubuntu Advantage update messaging.
[[0;32m  OK  [0m] Started Daily apt download activities.
[[0;32m  OK  [0m] Started Daily apt upgrade and clean activities.
         Starting LXD - unix socket.
[[0;32m  OK  [0m] Started Message of the Day.
[[0;32m  OK  [0m] Started Daily Cleanup of Temporary Directories.
[[0;32m  OK  [0m] Reached target Timers.
[[0;32m  OK  [0m] Reached target Cloud-config availability.
[949]: The key fingerprint is:
[   29.582863] [[0;32m  OK  [0m] Listening on Socket activation for snappy daemon.
[[0;32m  OK  [0m] Listening on LXD - unix socket.
[[0;32m  OK  [0m] Reached target Sockets.
[[0;32m  OK  [0m] Reached target Basic System.
[[0;32m  OK  [0m] Started D-Bus System Message Bus.
cloud-init[949]: SHA256:hC48OXdRgwlG9YgcLq4qiVa0/wDltfO84bttSg7q3rw root@ubuntu-xenial
[   29.607367] cloud-init[949]: The key's randomart image is:
[   29.619275] cloud-init[949]: +---[RSA 2048]----+
[   29.631715] cloud-init[949]: |     .=o.oo      |
[   29.666579] cloud-init[949]: |     + +o+ .     |
[   29.685862] cloud-init         Starting Accounts Service...
[949]: [[0;32m  OK  [0m] Started ACPI event daemon.
         Starting LSB: MD monitoring daemon...
[[0;32m  OK  [0m] Started Deferred execution scheduler.
|    ..=.+ .      |         Starting LXD - container startup/shutdown...
         Starting Pollinate to seed the pseudo random number generator...
[[0;32m  OK  [0m] Started Regular background program processing daemon.
         Starting System Logging Service...
[[0;32m  OK  [0m] Started FUSE filesystem for LXC.
         Starting /etc/rc.local Compatibility...
         Starting LSB: Record successful boot for GRUB...
         Starting Snap Daemon...
         Starting Virtualbox guest utils...
         Starting Login Service...

[   29.870178] [[0;32m  OK  [0m] Started iSCSI initiator daemon (iscsid).
[[0;32m  OK  [0m] Started /etc/rc.local Compatibility.
cloud-init[949]: |   +o+....       |
[   29.885877] cloud-init[949]: |  ..O.ooS        |
         Starting Login to default iSCSI targets...
[[0;32m  OK  [0m] Started System Logging Service.
[   29.929623] cloud-init[949]: |   +.= .+        |
[   29.960222] [[0;32m  OK  [0m] Started Login Service.
[[0;32m  OK  [0m] Started Unattended Upgrades Shutdown.
cloud-init[[0;32m  OK  [0m] Started LSB: MD monitoring daemon.
[[0;32m  OK  [0m] Started LSB: Record successful boot for GRUB.
[949]:          Starting Authenticate and Authorize Users to Run Privileged Tasks...
|..o .. . =       |
[[0;32m  OK  [0m] Started Login to default iSCSI targets.
[[0;32m  OK  [0m] Reached target Remote File Systems (Pre).
[[0;32m  OK  [0m] Reached target Remote File Systems.
[   30.174526] cloud-init[949]: |+o   .= = +.     |
         Starting Permit User Sessions...
[   30.185972]          Starting LSB: Set the CPU Frequency Scaling governor to "ondemand"...
         Starting LSB: daemon to balance interrupts for SMP systems...
         Starting LSB: automatic crash report generation...
[[0;32m  OK  [0m] Started Permit User Sessions.
cloud-init[949]: |+   o+.E.B=.     |         Starting Terminate Plymouth Boot Screen...
         Starting Hold until boot process finishes up...
[[0;32m  OK  [0m] Started Hold until boot process finishes up.
         Starting Set console scheme...
[[0;32m  OK  [0m] Started Getty on tty1.
[[0;32m  OK  [0m] Started Serial Getty on ttyS0.
[[0;32m  OK  [0m] Reached target Login Prompts.
[[0;32m  OK  [0m] Started Terminate Plymouth Boot Screen.

[   30.339826] cloud-init[949]: [[0;32m  OK  [0m] Started Set console scheme.
[[0;32m  OK  [0m] Started LSB: Set the CPU Frequency Scaling governor to "ondemand".
+----[SHA256]-----+
[   30.409590] cloud-init[949]: [[0;32m  OK  [0m] Started LSB: daemon to balance interrupts for SMP systems.
Generating public/private dsa key pair.
[   30.445407] cloud-init[949]: Your identification has been saved in /etc/ssh/ssh_host_dsa_key.[[0;32m  OK  [0m] Started LSB: automatic crash report generation.

[[0;32m  OK  [0m] Started Authenticate and Authorize Users to Run Privileged Tasks.
[   30.497134] cloud-init[[0;32m  OK  [0m] Started Accounts Service.
[[0;32m  OK  [0m] Started LXD - container startup/shutdown.
[949]: Your public key has been saved in /etc/ssh/ssh_host_dsa_key.pub.
[[0;32m  OK  [0m] Started Virtualbox guest utils.
[   30.533160] cloud-init[949]: The key fingerprint is:
[   30.546400] cloud-init[949]: SHA256:bva0YsC1C77RclwZkIO8LM0uK8UWYxKs6Fd3lJgnd0Y root@ubuntu-xenial
[   30.560277] cloud-init[949]: The key's randomart image is:
[   30.578463] cloud-init[949]: +---[DSA 1024]----+
[   30.593095] cloud-init[949]: | .   . .+.oE     |
[   30.609470] cloud-init[949]: |  o   o+o* o     |
[   30.623523] cloud-init[949]: |.. . + .=.+      |
[   30.635536] cloud-init[949]: |o . =.=... o     |
[   30.656886] cloud-init[949]: |.  +.*..S.o      |
[   30.666073] cloud-init[949]: | . .= =+..       |
[   30.676482] cloud-init[949]: |  .o +ooB..      |
[   30.686712] cloud-init[949]: |  . . .*+o .     |
[   30.698608] cloud-init[949]: |   .  .o .o      |
[   30.710125] cloud-init[949]: +----[SHA256]-----+
[   30.719795] cloud-init[949]: Generating public/private ecdsa key pair.
[   30.729128] cloud-init[949]: Your identification has been saved in /etc/ssh/ssh_host_ecdsa_key.
[   30.739729] cloud-init[949]: Your public key has been saved in /etc/ssh/ssh_host_ecdsa_key.pub.
[   30.750342] cloud-init[949]: The key fingerprint is:
[   30.782742] cloud-init[949]: SHA256:mM21ER7UdxpkgVAWA+lGQnThSYCOMP1jQvJLLlwhJjQ root@ubuntu-xenial
[   30.820315] cloud-init[949]: The key's randomart image is:
[   30.844854] cloud-init[949]: +---[ECDSA 256]---+
[   30.862137] cloud-init[949]: |.E .   ++oXB=++. |
[   30.875871] cloud-init[949]: |. B + . .=o=ooo .|
[   30.884686] cloud-init[949]: | o B =   +*  . + |
[   30.906383] cloud-init[949]: |    * == .oo  .  |
[   30.939114] cloud-init[949]: | . + +o.S..      |
[   30.974892] cloud-init[949]: |  o o            |
[   30.994733] cloud-init[949]: |   .             |
[   31.004599] cloud-init[949]: |                 |
[   31.018425] cloud-init[949]: |                 |
[   31.030064] cloud-init[949]: +----[SHA256]-----+
[   31.039427] cloud-init[949]: Generating public/private ed25519 key pair.
[   31.052692] cloud-init[949]: Your identification has been saved in /etc/ssh/ssh_host_ed25519_key.
[   31.063038] cloud-init[949]: Your public key has been saved in /etc/ssh/ssh_host_ed25519_key.pub.
[   31.073443] cloud-init[949]: The key fingerprint is:
[   31.082588] cloud-init[949]: SHA256:6I8MDjbSOppJ9CkcUGNSiKZq0XlGZtDreuwzsn1MWFA root@ubuntu-xenial
[   31.112050] cloud-init[949]: The key's randomart image is:
[   31.141065] cloud-init[949]: +--[ED25519 256]--+
[   31.146637] cloud-init[949]: |oo=.o .E         |
[[0;32m  OK  [0m] Started Snap Daemon.
[   31.155704] cloud-init[949]: |o= . *           |
         Starting Wait until snapd is fully seeded...
[   31.181296] cloud-init[949]: |+ . = o          |
[   31.215603] cloud-init[949]: |o. o + o         |
[   31.249079] cloud-init[949]: |.o. + + S        |
[   31.281817] cloud-init[949]: |+oo .+ .         |
[   31.307365] cloud-init[949]: |o+=o+ +          |
[   31.330486] cloud-init[949]: |o*.*.B =         |
[   31.341606] cloud-init[949]: |*. .*o* .        |
[   31.355342] cloud-init[949]: +----[SHA256]-----+
[[0;32m  OK  [0m] Started Pollinate to seed the pseudo random number generator.
         Starting OpenBSD Secure Shell server...
[[0;32m  OK  [0m] Started OpenBSD Secure Shell server.
[[0;32m  OK  [0m] Created slice User Slice of vagrant.
         Starting User Manager for UID 1000...
[[0;32m  OK  [0m] Started Session 1 of user vagrant.
[[0;32m  OK  [0m] Started User Manager for UID 1000.
[[0;32m  OK  [0m] Started Wait until snapd is fully seeded.
         Starting Apply the settings specified in cloud-config...
[[0;32m  OK  [0m] Reached target Multi-User System.
[[0;32m  OK  [0m] Reached target Graphical Interface.
         Starting Update UTMP about System Runlevel Changes...
[   36.552801] cloud-init[1437]: Generating locales (this might take a while)...

Ubuntu 16.04.7 LTS ubuntu-xenial ttyS0

ubuntu-xenial login: [   38.144595] cloud-init[1437]:   en_US.UTF-8... done
[   38.150635] cloud-init[1437]: Generation complete.
[   39.141819] cloud-init[1437]: Cloud-init v. 21.1-19-gbad84ad4-0ubuntu1~16.04.2 running 'modules:config' at Sat, 29 Apr 2023 16:34:13 +0000. Up 36.26 seconds.
ci-info: no authorized SSH keys fingerprints found for user ubuntu.
<14>Apr 29 16:34:17 ec2: 
<14>Apr 29 16:34:17 ec2: #############################################################
<14>Apr 29 16:34:17 ec2: -----BEGIN SSH HOST KEY FINGERPRINTS-----
<14>Apr 29 16:34:17 ec2: 1024 SHA256:bva0YsC1C77RclwZkIO8LM0uK8UWYxKs6Fd3lJgnd0Y root@ubuntu-xenial (DSA)
<14>Apr 29 16:34:17 ec2: 256 SHA256:mM21ER7UdxpkgVAWA+lGQnThSYCOMP1jQvJLLlwhJjQ root@ubuntu-xenial (ECDSA)
<14>Apr 29 16:34:17 ec2: 256 SHA256:6I8MDjbSOppJ9CkcUGNSiKZq0XlGZtDreuwzsn1MWFA root@ubuntu-xenial (ED25519)
<14>Apr 29 16:34:17 ec2: 2048 SHA256:hC48OXdRgwlG9YgcLq4qiVa0/wDltfO84bttSg7q3rw root@ubuntu-xenial (RSA)
<14>Apr 29 16:34:17 ec2: -----END SSH HOST KEY FINGERPRINTS-----
<14>Apr 29 16:34:17 ec2: #############################################################
-----BEGIN SSH HOST KEY KEYS-----
ecdsa-sha2-nistp256 AAAAE2VjZHNhLXNoYTItbmlzdHAyNTYAAAAIbmlzdHAyNTYAAABBBPCoeekXKXAdOmpprbLuxPqTTiYUed+TsM3rQ4qOMGbHILwIVDcpT6nc1+WdIa8CqLQhO33WzvAjE++Q+jXOGCA= root@ubuntu-xenial
ssh-ed25519 AAAAC3NzaC1lZDI1NTE5AAAAIAjOH0URPdIMpQuGKNUoyQMTq4RyKWruSOFhpxAlcSD0 root@ubuntu-xenial
ssh-rsa AAAAB3NzaC1yc2EAAAADAQABAAABAQCyet0GdfuRM29FPWmPkxgHDOwrAVZQSIcBZDCt6HXAOpzOudnDMfzSLs7jb7IktsVW8BXsc863NbNzsZNpMwCHSBcUekkUTDqBwf3wwtwzBtm2fKAL9AYEvAIsm8qrGHfd3QbmL4asCIn7yKfCsyRGj5fTvG/6QOzV+QxGXL/YNWlSPIRyUhhPq6nKTzjERnGS5hG2GFqeBgFd7PZjJ4SWfYXAaEASZDhKvBWu1dO26ztWbp3cx7KNt48KIknb90rHOmPPcH16OghPfWerPeXfNtmn+f03qEW1F2YPC5JZtB4+vDm539EPLB8rOgmbUypccgccbhoS/1HBR/EM6q65 root@ubuntu-xenial
-----END SSH HOST KEY KEYS-----
[   40.422962] cloud-init[1652]: Cloud-init v. 21.1-19-gbad84ad4-0ubuntu1~16.04.2 running 'modules:final' at Sat, 29 Apr 2023 16:34:17 +0000. Up 40.00 seconds.
[   40.423858] cloud-init[1652]: ci-info: no authorized SSH keys fingerprints found for user ubuntu.
[   40.425134] cloud-init[1652]: Cloud-init v. 21.1-19-gbad84ad4-0ubuntu1~16.04.2 finished at Sat, 29 Apr 2023 16:34:17 +0000. Datasource DataSourceNoCloud [seed=/dev/sdb][dsmode=net].  Up 40.37 seconds
