[    0.000000] Linux version 4.15.0-209-generic (buildd@lcy02-amd64-091) (gcc version 7.5.0 (Ubuntu 7.5.0-3ubuntu1~18.04)) #220-Ubuntu SMP Tue Mar 21 17:52:18 UTC 2023 (Ubuntu 4.15.0-209.220-generic 4.15.18)
[    0.000000] Command line: BOOT_IMAGE=/boot/vmlinuz-4.15.0-209-generic root=LABEL=cloudimg-rootfs ro console=tty1 console=ttyS0
[    0.000000] KERNEL supported cpus:
[    0.000000]   Intel GenuineIntel
[    0.000000]   AMD AuthenticAMD
[    0.000000]   Centaur CentaurHauls
[    0.000000] x86/fpu: x87 FPU will use FXSAVE
[    0.000000] e820: BIOS-provided physical RAM map:
[    0.000000] BIOS-e820: [mem 0x0000000000000000-0x000000000009fbff] usable
[    0.000000] BIOS-e820: [mem 0x000000000009fc00-0x000000000009ffff] reserved
[    0.000000] BIOS-e820: [mem 0x00000000000f0000-0x00000000000fffff] reserved
[    0.000000] BIOS-e820: [mem 0x0000000000100000-0x000000003ffeffff] usable
[    0.000000] BIOS-e820: [mem 0x000000003fff0000-0x000000003fffffff] ACPI data
[    0.000000] BIOS-e820: [mem 0x00000000fec00000-0x00000000fec00fff] reserved
[    0.000000] BIOS-e820: [mem 0x00000000fee00000-0x00000000fee00fff] reserved
[    0.000000] BIOS-e820: [mem 0x00000000fffc0000-0x00000000ffffffff] reserved
[    0.000000] NX (Execute Disable) protection: active
[    0.000000] SMBIOS 2.5 present.
[    0.000000] DMI: innotek GmbH VirtualBox/VirtualBox, BIOS VirtualBox 12/01/2006
[    0.000000] Hypervisor detected: KVM
[    0.000000] e820: last_pfn = 0x3fff0 max_arch_pfn = 0x400000000
[    0.000000] MTRR: Disabled
[    0.000000] x86/PAT: MTRRs disabled, skipping PAT initialization too.
[    0.000000] CPU MTRRs all blank - virtualized system.
[    0.000000] x86/PAT: Configuration [0-7]: WB  WT  UC- UC  WB  WT  UC- UC  
[    0.000000] found SMP MP-table at [mem 0x0009fff0-0x0009ffff]
[    0.000000] Scanning 1 areas for low memory corruption
[    0.000000] RAMDISK: [mem 0x359c9000-0x36cdbfff]
[    0.000000] ACPI: Early table checksum verification disabled
[    0.000000] ACPI: RSDP 0x00000000000E0000 000024 (v02 VBOX  )
[    0.000000] ACPI: XSDT 0x000000003FFF0030 00003C (v01 VBOX   VBOXXSDT 00000001 ASL  00000061)
[    0.000000] ACPI: FACP 0x000000003FFF00F0 0000F4 (v04 VBOX   VBOXFACP 00000001 ASL  00000061)
[    0.000000] ACPI: DSDT 0x000000003FFF0470 002325 (v02 VBOX   VBOXBIOS 00000002 INTL 20100528)
[    0.000000] ACPI: FACS 0x000000003FFF0200 000040
[    0.000000] ACPI: FACS 0x000000003FFF0200 000040
[    0.000000] ACPI: APIC 0x000000003FFF0240 00005C (v02 VBOX   VBOXAPIC 00000001 ASL  00000061)
[    0.000000] ACPI: SSDT 0x000000003FFF02A0 0001CC (v01 VBOX   VBOXCPUT 00000002 INTL 20100528)
[    0.000000] ACPI: Reserving FACP table memory at [mem 0x3fff00f0-0x3fff01e3]
[    0.000000] ACPI: Reserving DSDT table memory at [mem 0x3fff0470-0x3fff2794]
[    0.000000] ACPI: Reserving FACS table memory at [mem 0x3fff0200-0x3fff023f]
[    0.000000] ACPI: Reserving FACS table memory at [mem 0x3fff0200-0x3fff023f]
[    0.000000] ACPI: Reserving APIC table memory at [mem 0x3fff0240-0x3fff029b]
[    0.000000] ACPI: Reserving SSDT table memory at [mem 0x3fff02a0-0x3fff046b]
[    0.000000] No NUMA configuration found
[    0.000000] Faking a node at [mem 0x0000000000000000-0x000000003ffeffff]
[    0.000000] NODE_DATA(0) allocated [mem 0x3ffc5000-0x3ffeffff]
[    0.000000] kvm-clock: cpu 0, msr 0:3ff44001, primary cpu clock
[    0.000000] kvm-clock: Using msrs 4b564d01 and 4b564d00
[    0.000000] kvm-clock: using sched offset of 5842384807 cycles
[    0.000000] clocksource: kvm-clock: mask: 0xffffffffffffffff max_cycles: 0x1cd42e4dffb, max_idle_ns: 881590591483 ns
[    0.000000] Zone ranges:
[    0.000000]   DMA      [mem 0x0000000000001000-0x0000000000ffffff]
[    0.000000]   DMA32    [mem 0x0000000001000000-0x000000003ffeffff]
[    0.000000]   Normal   empty
[    0.000000]   Device   empty
[    0.000000] Movable zone start for each node
[    0.000000] Early memory node ranges
[    0.000000]   node   0: [mem 0x0000000000001000-0x000000000009efff]
[    0.000000]   node   0: [mem 0x0000000000100000-0x000000003ffeffff]
[    0.000000] Reserved but unavailable: 104 pages
[    0.000000] Initmem setup node 0 [mem 0x0000000000001000-0x000000003ffeffff]
[    0.000000] ACPI: PM-Timer IO Port: 0x4008
[    0.000000] IOAPIC[0]: apic_id 2, version 32, address 0xfec00000, GSI 0-23
[    0.000000] ACPI: INT_SRC_OVR (bus 0 bus_irq 0 global_irq 2 dfl dfl)
[    0.000000] ACPI: INT_SRC_OVR (bus 0 bus_irq 9 global_irq 9 low level)
[    0.000000] Using ACPI (MADT) for SMP configuration information
[    0.000000] smpboot: Allowing 2 CPUs, 0 hotplug CPUs
[    0.000000] PM: Registered nosave memory: [mem 0x00000000-0x00000fff]
[    0.000000] PM: Registered nosave memory: [mem 0x0009f000-0x0009ffff]
[    0.000000] PM: Registered nosave memory: [mem 0x000a0000-0x000effff]
[    0.000000] PM: Registered nosave memory: [mem 0x000f0000-0x000fffff]
[    0.000000] e820: [mem 0x40000000-0xfebfffff] available for PCI devices
[    0.000000] Booting paravirtualized kernel on KVM
[    0.000000] clocksource: refined-jiffies: mask: 0xffffffff max_cycles: 0xffffffff, max_idle_ns: 7645519600211568 ns
[    0.000000] setup_percpu: NR_CPUS:8192 nr_cpumask_bits:2 nr_cpu_ids:2 nr_node_ids:1
[    0.000000] percpu: Embedded 50 pages/cpu s167936 r8192 d28672 u1048576
[    0.000000] PV qspinlock hash table entries: 256 (order: 0, 4096 bytes)
[    0.000000] Built 1 zonelists, mobility grouping on.  Total pages: 257913
[    0.000000] Policy zone: DMA32
[    0.000000] Kernel command line: BOOT_IMAGE=/boot/vmlinuz-4.15.0-209-generic root=LABEL=cloudimg-rootfs ro console=tty1 console=ttyS0
[    0.000000] Memory: 982640K/1048120K available (12300K kernel code, 2477K rwdata, 4324K rodata, 2480K init, 2720K bss, 65480K reserved, 0K cma-reserved)
[    0.000000] SLUB: HWalign=64, Order=0-3, MinObjects=0, CPUs=2, Nodes=1
[    0.000000] ftrace: allocating 39506 entries in 155 pages
[    0.004000] Hierarchical RCU implementation.
[    0.004000] 	RCU restricting CPUs from NR_CPUS=8192 to nr_cpu_ids=2.
[    0.004000] 	Tasks RCU enabled.
[    0.004000] RCU: Adjusting geometry for rcu_fanout_leaf=16, nr_cpu_ids=2
[    0.004000] NR_IRQS: 524544, nr_irqs: 440, preallocated irqs: 16
[    0.004000] Console: colour VGA+ 80x25
[    0.004000] console [tty1] enabled
[    0.004000] console [ttyS0] enabled
[    0.004000] ACPI: Core revision 20170831
[    0.004000] ACPI: 2 ACPI AML tables successfully acquired and loaded
[    0.004000] APIC: Switch to symmetric I/O mode setup
[    0.008000] ..TIMER: vector=0x30 apic1=0 pin1=2 apic2=-1 pin2=-1
[    0.008013] tsc: Detected 1800.004 MHz processor
[    0.012023] Calibrating delay loop (skipped) preset value.. 3600.00 BogoMIPS (lpj=7200016)
[    0.016012] pid_max: default: 32768 minimum: 301
[    0.020297] Security Framework initialized
[    0.024009] Yama: becoming mindful.
[    0.028271] AppArmor: AppArmor initialized
[    0.044614] Dentry cache hash table entries: 131072 (order: 8, 1048576 bytes)
[    0.052399] Inode-cache hash table entries: 65536 (order: 7, 524288 bytes)
[    0.056090] Mount-cache hash table entries: 2048 (order: 2, 16384 bytes)
[    0.060090] Mountpoint-cache hash table entries: 2048 (order: 2, 16384 bytes)
[    0.071306] Last level iTLB entries: 4KB 64, 2MB 8, 4MB 8
[    0.072003] Last level dTLB entries: 4KB 64, 2MB 0, 4MB 0, 1GB 4
[    0.076010] Spectre V1 : Mitigation: usercopy/swapgs barriers and __user pointer sanitization
[    0.080011] Spectre V2 : Mitigation: Enhanced IBRS
[    0.084002] Spectre V2 : Spectre v2 / SpectreRSB mitigation: Filling RSB on context switch
[    0.088009] Spectre V2 : Spectre v2 / PBRSB-eIBRS: Retire a single CALL on VMEXIT
[    0.092009] RETBleed: Mitigation: Enhanced IBRS
[    0.096008] Speculative Store Bypass: Vulnerable
[    0.100050] MMIO Stale Data: Vulnerable: Clear CPU buffers attempted, no microcode
[    0.104327] Freeing SMP alternatives memory: 36K
[    0.222011] smpboot: CPU0: Intel(R) Core(TM) i5-8265U CPU @ 1.60GHz (family: 0x6, model: 0x8e, stepping: 0xc)
[    0.224867] Performance Events: unsupported p6 CPU model 142 no PMU driver, software events only.
[    0.228141] Hierarchical SRCU implementation.
[    0.232767] NMI watchdog: Perf event create on CPU 0 failed with -2
[    0.236009] NMI watchdog: Perf NMI watchdog permanently disabled
[    0.241129] smp: Bringing up secondary CPUs ...
[    0.250192] x86: Booting SMP configuration:
[    0.252003] .... node  #0, CPUs:      #1
[    0.004000] kvm-clock: cpu 1, msr 0:3ff44041, secondary cpu clock
[    0.274443] TSC synchronization [CPU#0 -> CPU#1]:
[    0.276000] Measured 45762 cycles TSC warp between CPUs, turning off TSC clock.
[    0.276000] tsc: Marking TSC unstable due to check_tsc_sync_source failed
[    0.280721] smp: Brought up 1 node, 2 CPUs
[    0.284011] smpboot: Max logical packages: 1
[    0.288008] smpboot: Total of 2 processors activated (7200.01 BogoMIPS)
[    0.296081] devtmpfs: initialized
[    0.299574] x86/mm: Memory block size: 128MB
[    0.300505] evm: security.selinux
[    0.304005] evm: security.SMACK64
[    0.308003] evm: security.SMACK64EXEC
[    0.312006] evm: security.SMACK64TRANSMUTE
[    0.316007] evm: security.SMACK64MMAP
[    0.320002] evm: security.apparmor
[    0.324002] evm: security.ima
[    0.326911] evm: security.capability
[    0.328510] clocksource: jiffies: mask: 0xffffffff max_cycles: 0xffffffff, max_idle_ns: 7645041785100000 ns
[    0.332131] futex hash table entries: 512 (order: 3, 32768 bytes)
[    0.336112] pinctrl core: initialized pinctrl subsystem
[    0.344438] RTC time: 17:35:17, date: 05/14/23
[    0.349559] NET: Registered protocol family 16
[    0.356110] audit: initializing netlink subsys (disabled)
[    0.364281] audit: type=2000 audit(1684085723.931:1): state=initialized audit_enabled=0 res=1
[    0.384016] cpuidle: using governor ladder
[    0.388029] cpuidle: using governor menu
[    0.392192] ACPI: bus type PCI registered
[    0.396004] acpiphp: ACPI Hot Plug PCI Controller Driver version: 0.5
[    0.400557] PCI: Using configuration type 1 for base access
[    0.412281] HugeTLB registered 2.00 MiB page size, pre-allocated 0 pages
[    0.424435] ACPI: Added _OSI(Module Device)
[    0.428004] ACPI: Added _OSI(Processor Device)
[    0.432003] ACPI: Added _OSI(3.0 _SCP Extensions)
[    0.436003] ACPI: Added _OSI(Processor Aggregator Device)
[    0.440004] ACPI: Added _OSI(Linux-Dell-Video)
[    0.444003] ACPI: Added _OSI(Linux-Lenovo-NV-HDMI-Audio)
[    0.448012] ACPI: Added _OSI(Linux-HPI-Hybrid-Graphics)
[    0.457549] ACPI: Executed 1 blocks of module-level executable AML code
[    0.472000] ACPI: Interpreter enabled
[    0.472042] ACPI: (supports S0 S5)
[    0.476005] ACPI: Using IOAPIC for interrupt routing
[    0.480605] PCI: Using host bridge windows from ACPI; if necessary, use "pci=nocrs" and report a bug
[    0.484261] ACPI: Enabled 2 GPEs in block 00 to 07
[    0.497512] ACPI: PCI Root Bridge [PCI0] (domain 0000 [bus 00-ff])
[    0.500019] acpi PNP0A03:00: _OSC: OS supports [ASPM ClockPM Segments MSI]
[    0.505202] acpi PNP0A03:00: _OSC: not requesting OS control; OS requires [ExtendedConfig ASPM ClockPM MSI]
[    0.508023] acpi PNP0A03:00: fail to add MMCONFIG information, can't access extended PCI configuration space under this bridge.
[    0.512800] PCI host bridge to bus 0000:00
[    0.516007] pci_bus 0000:00: root bus resource [io  0x0000-0x0cf7 window]
[    0.520009] pci_bus 0000:00: root bus resource [io  0x0d00-0xffff window]
[    0.524009] pci_bus 0000:00: root bus resource [mem 0x000a0000-0x000bffff window]
[    0.528011] pci_bus 0000:00: root bus resource [mem 0x40000000-0xfdffffff window]
[    0.532025] pci_bus 0000:00: root bus resource [bus 00-ff]
[    0.548184] pci 0000:00:01.1: legacy IDE quirk: reg 0x10: [io  0x01f0-0x01f7]
[    0.552004] pci 0000:00:01.1: legacy IDE quirk: reg 0x14: [io  0x03f6]
[    0.556004] pci 0000:00:01.1: legacy IDE quirk: reg 0x18: [io  0x0170-0x0177]
[    0.560006] pci 0000:00:01.1: legacy IDE quirk: reg 0x1c: [io  0x0376]
[    0.600869] pci 0000:00:07.0: quirk: [io  0x4000-0x403f] claimed by PIIX4 ACPI
[    0.604040] pci 0000:00:07.0: quirk: [io  0x4100-0x410f] claimed by PIIX4 SMB
[    0.614793] ACPI: PCI Interrupt Link [LNKA] (IRQs 5 9 10 *11)
[    0.617590] ACPI: PCI Interrupt Link [LNKB] (IRQs 5 9 *10 11)
[    0.620625] ACPI: PCI Interrupt Link [LNKC] (IRQs 5 *9 10 11)
[    0.624201] ACPI: PCI Interrupt Link [LNKD] (IRQs 5 9 10 *11)
[    0.630154] SCSI subsystem initialized
[    0.636581] pci 0000:00:02.0: vgaarb: setting as boot VGA device
[    0.640000] pci 0000:00:02.0: vgaarb: VGA device added: decodes=io+mem,owns=io+mem,locks=none
[    0.640019] pci 0000:00:02.0: vgaarb: bridge control possible
[    0.644004] vgaarb: loaded
[    0.648095] ACPI: bus type USB registered
[    0.652115] usbcore: registered new interface driver usbfs
[    0.656037] usbcore: registered new interface driver hub
[    0.660024] usbcore: registered new device driver usb
[    0.664637] EDAC MC: Ver: 3.0.0
[    0.673076] PCI: Using ACPI for IRQ routing
[    0.681247] NetLabel: Initializing
[    0.684007] NetLabel:  domain hash size = 128
[    0.688002] NetLabel:  protocols = UNLABELED CIPSOv4 CALIPSO
[    0.692020] NetLabel:  unlabeled traffic allowed by default
[    0.700916] clocksource: Switched to clocksource kvm-clock
[    0.743977] VFS: Disk quotas dquot_6.6.0
[    0.743977] VFS: Dquot-cache hash table entries: 512 (order 0, 4096 bytes)
[    0.743977] AppArmor: AppArmor Filesystem Enabled
[    0.743977] pnp: PnP ACPI init
[    0.743977] pnp: PnP ACPI: found 3 devices
[    0.946000] clocksource: acpi_pm: mask: 0xffffff max_cycles: 0xffffff, max_idle_ns: 2085701024 ns
[    0.948891] NET: Registered protocol family 2
[    0.948891] IP idents hash table entries: 16384 (order: 5, 131072 bytes)
[    0.976464] TCP established hash table entries: 8192 (order: 4, 65536 bytes)
[    0.997239] TCP bind hash table entries: 8192 (order: 5, 131072 bytes)
[    1.007207] TCP: Hash tables configured (established 8192 bind 8192)
[    1.010203] UDP hash table entries: 512 (order: 2, 16384 bytes)
[    1.010203] UDP-Lite hash table entries: 512 (order: 2, 16384 bytes)
[    1.010203] NET: Registered protocol family 1
[    1.010203] pci 0000:00:00.0: Limiting direct PCI/PCI transfers
[    1.010203] pci 0000:00:01.0: Activating ISA DMA hang workarounds
[    1.010203] pci 0000:00:02.0: Video device with shadowed ROM at [mem 0x000c0000-0x000dffff]
[    1.010203] Unpacking initramfs...
[    2.216072] Freeing initrd memory: 19532K
[    2.229797] clocksource: tsc: mask: 0xffffffffffffffff max_cycles: 0x19f22d4590b, max_idle_ns: 440795206913 ns
[    2.249084] platform rtc_cmos: registered platform RTC device (no PNP device found)
[    2.273251] Scanning for low memory corruption every 60 seconds
[    2.285776] Initialise system trusted keyrings
[    2.296298] Key type blacklist registered
[    2.304650] workingset: timestamp_bits=36 max_order=18 bucket_order=0
[    2.316477] zbud: loaded
[    2.321068] squashfs: version 4.0 (2009/01/31) Phillip Lougher
[    2.328888] fuse init (API version 7.26)
[    2.419757] Key type asymmetric registered
[    2.430428] Asymmetric key parser 'x509' registered
[    2.439818] Block layer SCSI generic (bsg) driver version 0.4 loaded (major 246)
[    2.453750] io scheduler noop registered
[    2.462551] io scheduler deadline registered
[    2.474412] io scheduler cfq registered (default)
[    2.485428] ACPI: AC Adapter [AC] (off-line)
[    2.490379] input: Power Button as /devices/LNXSYSTM:00/LNXPWRBN:00/input/input0
[    2.497225] ACPI: Power Button [PWRF]
[    2.500977] input: Sleep Button as /devices/LNXSYSTM:00/LNXSLPBN:00/input/input1
[    2.506880] ACPI: Sleep Button [SLPF]
[    2.514255] ACPI: Battery Slot [BAT0] (battery present)
[    2.520163] Serial: 8250/16550 driver, 32 ports, IRQ sharing enabled
[    2.557484] 00:02: ttyS0 at I/O 0x3f8 (irq = 4, base_baud = 115200) is a 16550A
[    2.576369] Linux agpgart interface v0.103
[    2.591146] loop: module loaded
[    2.613607] scsi host0: ata_piix
[    2.628597] scsi host1: ata_piix
[    2.636914] ata1: PATA max UDMA/33 cmd 0x1f0 ctl 0x3f6 bmdma 0xd000 irq 14
[    2.647230] ata2: PATA max UDMA/33 cmd 0x170 ctl 0x376 bmdma 0xd008 irq 15
[    2.657966] tun: Universal TUN/TAP device driver, 1.6
[    2.664606] PPP generic driver version 2.4.2
[    2.673976] ehci_hcd: USB 2.0 'Enhanced' Host Controller (EHCI) Driver
[    2.686925] ehci-pci: EHCI PCI platform driver
[    2.700132] ehci-platform: EHCI generic platform driver
[    2.711052] ohci_hcd: USB 1.1 'Open' Host Controller (OHCI) Driver
[    2.722507] ohci-pci: OHCI PCI platform driver
[    2.729966] ohci-platform: OHCI generic platform driver
[    2.735571] uhci_hcd: USB Universal Host Controller Interface driver
[    2.742888] i8042: PNP: PS/2 Controller [PNP0303:PS2K,PNP0f03:PS2M] at 0x60,0x64 irq 1,12
[    2.758971] serio: i8042 KBD port at 0x60,0x64 irq 1
[    2.763919] serio: i8042 AUX port at 0x60,0x64 irq 12
[    2.771964] mousedev: PS/2 mouse device common for all mice
[    2.787736] input: AT Translated Set 2 keyboard as /devices/platform/i8042/serio0/input/input2
[    2.804596] rtc_cmos rtc_cmos: rtc core: registered rtc_cmos as rtc0
[    2.813272] rtc_cmos rtc_cmos: alarms up to one day, 114 bytes nvram
[    2.826862] i2c /dev entries driver
[    2.826862] device-mapper: uevent: version 1.0.3
[    2.939407] device-mapper: ioctl: 4.37.0-ioctl (2017-09-20) initialised: dm-devel@redhat.com
[    2.958845] ledtrig-cpu: registered to indicate activity on CPUs
[    2.982056] NET: Registered protocol family 10
[    3.022716] Segment Routing with IPv6
[    3.032696] NET: Registered protocol family 17
[    3.045994] Key type dns_resolver registered
[    3.059178] mce: Using 0 MCE banks
[    3.068365] RAS: Correctable Errors collector initialized.
[    3.079884] sched_clock: Marking stable (3079664385, 0)->(4703902556, -1624238171)
[    3.099177] registered taskstats version 1
[    3.109882] Loading compiled-in X.509 certificates
[    3.123556] Loaded X.509 cert 'Build time autogenerated kernel key: 34a8448b8ea51591fef45052227f4b706811bd64'
[    3.135491] Loaded X.509 cert 'Canonical Ltd. Live Patch Signing: 14df34d1a87cf37625abec039ef2bf521249b969'
[    3.147235] Loaded X.509 cert 'Canonical Ltd. Kernel Module Signing: 88f752e560a1e0737e31163a466ad7b70a850c19'
[    3.159870] blacklist: Loading compiled-in revocation X.509 certificates
[    3.175490] Loaded X.509 cert 'Canonical Ltd. Secure Boot Signing: 61482aa2830d0ab2ad5af10b7250da9033ddcef0'
[    3.189780] Loaded X.509 cert 'Canonical Ltd. Secure Boot Signing (2017): 242ade75ac4a15e50d50c84b0d45ff3eae707a03'
[    3.201655] Loaded X.509 cert 'Canonical Ltd. Secure Boot Signing (ESM 2018): 365188c1d374d6b07c3c8f240f8ef722433d6a8b'
[    3.213036] Loaded X.509 cert 'Canonical Ltd. Secure Boot Signing (2019): c0746fd6c5da3ae827864651ad66ae47fe24b3e8'
[    3.225099] Loaded X.509 cert 'Canonical Ltd. Secure Boot Signing (2021 v1): a8d54bbb3825cfb94fa13c9f8a594a195c107b8d'
[    3.245094] Loaded X.509 cert 'Canonical Ltd. Secure Boot Signing (2021 v2): 4cf046892d6fd3c9a5b03f98d845f90851dc6a8c'
[    3.261444] Loaded X.509 cert 'Canonical Ltd. Secure Boot Signing (2021 v3): 100437bb6de6e469b581e61cd66bce3ef4ed53af'
[    3.276825] Loaded X.509 cert 'Canonical Ltd. Secure Boot Signing (Ubuntu Core 2019): c1d57b8f6b743f23ee41f4f7ee292f06eecadfb9'
[    3.297322] zswap: loaded using pool lzo/zbud
[    3.333416] Key type big_key registered
[    3.340653] Key type trusted registered
[    3.358278] Key type encrypted registered
[    3.365622] AppArmor: AppArmor sha1 policy hashing enabled
[    3.372937] ima: No TPM chip found, activating TPM-bypass! (rc=-19)
[    3.379584] ima: Allocated hash algorithm: sha1
[    3.385766] evm: HMAC attrs: 0x1
[    3.393458]   Magic number: 7:877:592
[    3.400757] rtc_cmos rtc_cmos: setting system clock to 2023-05-14 17:35:20 UTC (1684085720)
[    3.414605] BIOS EDD facility v0.16 2004-Jun-25, 0 devices found
[    3.422214] EDD information not available.
[    3.444216] Freeing unused kernel image memory: 2480K
[    3.475290] Write protecting the kernel read-only data: 20480k
[    3.485049] Freeing unused kernel image memory: 2008K
[    3.493104] Freeing unused kernel image memory: 1820K
[    3.520263] x86/mm: Checked W+X mappings: passed, no W+X pages found.
Loading, please wait...
starting version 237
[    3.642883] e1000: Intel(R) PRO/1000 Network Driver - version 7.3.21-k8-NAPI
[    3.650424] e1000: Copyright (c) 1999-2006 Intel Corporation.
[    3.661985] Fusion MPT base driver 3.04.20
[    3.677928] Copyright (c) 1999-2008 LSI Corporation
[    3.850113] Fusion MPT SPI Host driver 3.04.20
[    4.051049] input: ImExPS/2 Generic Explorer Mouse as /devices/platform/i8042/serio1/input/input4
[    4.994305] e1000 0000:00:03.0 eth0: (PCI:33MHz:32-bit) 02:a3:74:7a:05:58
[    5.007747] e1000 0000:00:03.0 eth0: Intel(R) PRO/1000 Network Connection
[    5.029035] e1000 0000:00:03.0 enp0s3: renamed from eth0
[    5.032301] mptbase: ioc0: Initiating bringup
[    5.173826] ioc0: LSI53C1030 A0: Capabilities={Initiator}
[    5.495332] scsi host2: ioc0: LSI53C1030 A0, FwRev=00000000h, Ports=1, MaxQ=256, IRQ=20
[    5.687020] scsi 2:0:0:0: Direct-Access     VBOX     HARDDISK         1.0  PQ: 0 ANSI: 5
[    5.881751] scsi target2:0:0: Beginning Domain Validation
[    5.902265] scsi target2:0:0: Domain Validation skipping write tests
[    5.908576] scsi target2:0:0: Ending Domain Validation
[    5.915936] scsi target2:0:0: asynchronous
[    5.931516] scsi 2:0:1:0: Direct-Access     VBOX     HARDDISK         1.0  PQ: 0 ANSI: 5
[    7.164484] scsi target2:0:1: Beginning Domain Validation
[    7.205619] scsi target2:0:1: Domain Validation skipping write tests
[    7.214839] scsi target2:0:1: Ending Domain Validation
[    7.221640] scsi target2:0:1: asynchronous
[    7.265102] sd 2:0:0:0: [sda] 83886080 512-byte logical blocks: (42.9 GB/40.0 GiB)
[    7.286716] sd 2:0:0:0: Attached scsi generic sg0 type 0
[    7.287422] sd 2:0:0:0: [sda] Write Protect is off
[    7.315404] sd 2:0:0:0: [sda] Incomplete mode parameter data
[    7.318035] sd 2:0:1:0: [sdb] 20480 512-byte logical blocks: (10.5 MB/10.0 MiB)
[    7.330620] sd 2:0:0:0: [sda] Assuming drive cache: write through
[    7.344707] sd 2:0:1:0: [sdb] Write Protect is off
[    7.357920] sd 2:0:1:0: Attached scsi generic sg1 type 0
[    7.365295] sd 2:0:1:0: [sdb] Incomplete mode parameter data
[    7.375868] sd 2:0:1:0: [sdb] Assuming drive cache: write through
[    7.385509]  sda: sda1
[    7.412268] sd 2:0:0:0: [sda] Attached SCSI disk
[    7.435836] sd 2:0:1:0: [sdb] Attached SCSI disk
Begin: Loading essential drivers ... [   11.580561] raid6: sse2x1   gen() 56456 MB/s
[   12.572570] raid6: sse2x1   xor() 70100 MB/s
[   14.574213] raid6: sse2x2   gen() 148531 MB/s
[   16.583625] raid6: sse2x2   xor() 97303 MB/s
[   16.656827] raid6: sse2x4   gen()  6827 MB/s
[   16.720827] raid6: sse2x4   xor()  3505 MB/s
[   16.733312] raid6: using algorithm sse2x2 gen() 148531 MB/s
[   16.745039] raid6: .... xor() 97303 MB/s, rmw enabled
[   16.756626] raid6: using ssse3x2 recovery algorithm
[   16.774994] xor: measuring software checksum speed
[   16.890829]    prefetch64-sse: 54560.000 MB/sec
[   16.997034]    generic_sse: 49149.000 MB/sec
[   17.007349] xor: using function: prefetch64-sse (54560.000 MB/sec)
[   17.017466] async_tx: api initialized (async)
done.
Begin: Running /scripts/init-premount ... done.
Begin: Mounting root file system ... Begin: Running /scripts/local-top ... done.
Begin: Running /scripts/local-premount ... [   17.112632] Btrfs loaded, crc32c=crc32c-intel
Scanning for Btrfs filesystems
done.
Warning: fsck not present, so skipping root file system
[   17.284657] EXT4-fs (sda1): mounted filesystem with ordered data mode. Opts: (null)
done.
Begin: Running /scripts/local-bottom ... done.
Begin: Running /scripts/init-bottom ... done.
[   17.871059] ip_tables: (C) 2000-2006 Netfilter Core Team
[   17.923915] systemd[1]: systemd 237 running in system mode. (+PAM +AUDIT +SELINUX +IMA +APPARMOR +SMACK +SYSVINIT +UTMP +LIBCRYPTSETUP +GCRYPT +GNUTLS +ACL +XZ +LZ4 +SECCOMP +BLKID +ELFUTILS +KMOD -IDN2 +IDN -PCRE2 default-hierarchy=hybrid)
[   17.961400] systemd[1]: Detected virtualization oracle.
[   17.966048] systemd[1]: Detected architecture x86-64.

Welcome to [1mUbuntu 18.04.6 LTS[0m!

[   18.005255] systemd[1]: Set hostname to <ubuntu>.
[   18.016018] random: systemd: uninitialized urandom read (16 bytes read)
[   18.021799] systemd[1]: Initializing machine ID from random generator.
[   18.026808] systemd[1]: Installed transient /etc/machine-id file.
[   18.806869] random: systemd: uninitialized urandom read (16 bytes read)
[   18.824500] systemd[1]: Started Forward Password Requests to Wall Directory Watch.
[[0;32m  OK  [0m] Started Forward Password Requests to Wall Directory Watch.
[   18.846030] random: systemd: uninitialized urandom read (16 bytes read)
[   18.857780] systemd[1]: Set up automount Arbitrary Executable File Formats File System Automount Point.
[[0;32m  OK  [0m] Set up automount Arbitrary Executab…rmats File System Automount Point.
[   18.887252] systemd[1]: Reached target System Time Synchronized.
[[0;32m  OK  [0m] Reached target System Time Synchronized.
[   18.909999] systemd[1]: Reached target User and Group Name Lookups.
[[0;32m  OK  [0m] Reached target User and Group Name Lookups.
[[0;32m  OK  [0m] Reached target Mounting snaps.
[[0;32m  OK  [0m] Reached target Mounted snaps.
[[0;32m  OK  [0m] Reached target Swap.
[[0;32m  OK  [0m] Created slice System Slice.
[[0;32m  OK  [0m] Listening on Journal Audit Socket.
[[0;32m  OK  [0m] Listening on /dev/initctl Compatibility Named Pipe.
[[0;32m  OK  [0m] Listening on Journal Socket.
         Starting Create list of required st…ce nodes for the current kernel...
[[0;32m  OK  [0m] Listening on Network Service Netlink Socket.
[[0;32m  OK  [0m] Listening on udev Kernel Socket.
[[0;32m  OK  [0m] Listening on Device-mapper event daemon FIFOs.
[   19.015423] random: systemd: uninitialized urandom read (16 bytes read)
[[0;32m  OK  [0m] Listening on LVM2 metadata daemon socket.
[   19.028540] random: systemd: uninitialized urandom read (16 bytes read)
         Starting Uncomplicated firewall...
[   19.041415] random: systemd: uninitialized urandom read (16 bytes read)
         Starting Load Kernel Modules...
[[0;32m  OK  [0m] Listening on fsck to fsckd communication Socket.
[[0;32m  OK  [0m] Created slice system-serial\x2dgetty.slice.
         Starting Set the console keyboard layout...
         Mounting Kernel Debug File System...
         Mounting Huge Pages File System...
[[0;32m  OK  [0m] Listening on Syslog Socket.
[[0;32m  OK  [0m] Listening on LVM2 poll daemon socket.
[[0;32m  OK  [0m] Listening on udev Control Socket.
         [   19.079148] Loading iSCSI transport class v2.0-870.
Starting udev Coldplug all Devices...
         Starting File System Check on Root Device...
         Starting Monitoring of LVM2 mirrors…ng dmeventd or progress polling...
[[0;32m  OK  [0m] Listening on Journal Socket (/dev/log).
         Starting Journal Service...
         Mounting POSIX Message Queue File System...
[[0;32m  OK  [0m] Created slice User and Session Slice.
[[0;32m  OK  [0m] Reached target Slices.
[[0;32m  OK  [0m] Started Create list of required sta…vice nodes for the current kernel.
[[0;32m  OK  [0m] Started Uncomplicated firewall.
[[0;32m  OK  [0m] Mounted Kernel Debug File System.
[[0;32m  OK  [0m] Mounted Huge Pages File System.
[[0;32m  OK  [0m] Mounted POSIX Message Queue File System.
         Starting Create Static Device Nodes in /dev...
[[0;32m  OK  [0m] Started File System Check Daemon to report status.
[   19.226620] iscsi: registered transport (tcp)
[[0;32m  OK  [0m] Started udev Coldplug all Devices.
[[0;32m  OK  [0m] Started Journal Service.
[[0;32m  OK  [0m] Started LVM2 metadata daemon.
[[0;32m  OK  [0m] Started File System Check on Root Device.
         Starting Remount Root and Kernel File Systems...
[[0;32m  OK  [0m] Started Create Static Device Nodes in /dev.
[   19.611814] iscsi: registered transport (iser)
[[0;32m  OK  [0m] Started Load Kernel Modules.[   19.643740] EXT4-fs (sda1): re-mounted. Opts: (null)

         Starting Apply Kernel Variables...
         Mounting FUSE Control File System...
         Mounting Kernel Configuration File System...
[[0;32m  OK  [0m] Started Monitoring of LVM2 mirrors,…sing dmeventd or progress polling.
[[0;32m  OK  [0m] Started Remount Root and Kernel File Systems.
[[0;32m  OK  [0m] Mounted FUSE Control File System.
[[0;32m  OK  [0m] Mounted Kernel Configuration File System.
         Starting Flush Journal to Persistent Storage...
         Starting udev Kernel Device Manager...
         Starting Load/Save Random Seed...
[[0;32m  OK  [0m] Started Apply Kernel Variables.
[[0;32m  OK  [0m] Started Load/Save Random Seed.
[[0;32m  OK  [0m] Started Flush Journal to Persistent Storage.
[[0;32m  OK  [0m] Started udev Kernel Device Manager.
[[0;32m  OK  [0m] Found device /dev/ttyS0.
[[0;32m  OK  [0m] Listening on Load/Save RF Kill Switch Status /dev/rfkill Watch.
         Mounting Arbitrary Executable File Formats File System...
[[0;32m  OK  [0m] Started Set the console keyboard layout.
[[0;32m  OK  [0m] Mounted Arbitrary Executable File Formats File System.
[[0;32m  OK  [0m] Reached target Local File Systems (Pre).
[[0;32m  OK  [0m] Reached target Local File Systems.
         Starting AppArmor initialization...
         Starting Set console font and keymap...
         Starting ebtables ruleset management...
         Starting Commit a transient machine-id on disk...
         Starting Tell Plymouth To Write Out Runtime Data...
         Starting Create Volatile Files and Directories...
[[0;32m  OK  [0m] Started Dispatch Password Requests to Console Directory Watch.
[[0;32m  OK  [0m] Reached target Local Encrypted Volumes.
[[0;32m  OK  [0m] Started Tell Plymouth To Write Out Runtime Data.
[[0;32m  OK  [0m] Started Create Volatile Files and Directories.
         Starting Update UTMP about System Boot/Shutdown...
[[0;32m  OK  [0m] Started Commit a transient machine-id on disk.
[[0;32m  OK  [0m] Started Update UTMP about System Boot/Shutdown.
[[0;32m  OK  [0m] Started ebtables ruleset management.
[[0;32m  OK  [0m] Started AppArmor initialization.
         Starting Initial cloud-init job (pre-networking)...
         Starting Load AppArmor profiles managed internally by snapd...
[[0;32m  OK  [0m] Started Load AppArmor profiles managed internally by snapd.
[[0;32m  OK  [0m] Started Set console font and keymap.
[   29.028132] cloud-init[738]: Cloud-init v. 23.1.1-0ubuntu0~18.04.1 running 'init-local' at Sun, 14 May 2023 17:35:45 +0000. Up 28.25 seconds.
[[0;32m  OK  [0m] Started Initial cloud-init job (pre-networking).
[[0;32m  OK  [0m] Reached target Network (Pre).
         Starting Network Service...
[[0;32m  OK  [0m] Started Network Service.
         Starting Wait for Network to be Configured...
         Starting Network Name Resolution...
[[0;32m  OK  [0m] Started Network Name Resolution.
[[0;32m  OK  [0m] Reached target Network.
[[0;32m  OK  [0m] Reached target Host and Network Name Lookups.
[[0;32m  OK  [0m] Started Wait for Network to be Configured.
         Starting Initial cloud-init job (metadata service crawler)...
[   31.703431] cloud-init[882]: Cloud-init v. 23.1.1-0ubuntu0~18.04.1 running 'init' at Sun, 14 May 2023 17:35:48 +0000. Up 31.55 seconds.
[   31.707922] cloud-init[882]: ci-info: +++++++++++++++++++++++++++++++++++++Net device info++++++++++++++++++++++++++++++++++++++
[   31.712461] cloud-init[882]: ci-info: +--------+------+---------------------------+---------------+--------+-------------------+
[   31.717206] cloud-init[882]: ci-info: | Device |  Up  |          Address          |      Mask     | Scope  |     Hw-Address    |
[   31.735503] cloud-init[882]: ci-info: +--------+------+---------------------------+---------------+--------+-------------------+
[   31.745332] cloud-init[882]: ci-info: | enp0s3 | True |         10.0.2.15         | 255.255.255.0 | global | 02:a3:74:7a:05:58 |
[   31.749257] cloud-init[882]: ci-info: | enp0s3 | True | fe80::a3:74ff:fe7a:558/64 |       .       |  link  | 02:a3:74:7a:05:58 |
[   31.752956] cloud-init[882]: ci-info: |   lo   | True |         127.0.0.1         |   255.0.0.0   |  host  |         .         |
[   31.756671] cloud-init[882]: ci-info: |   lo   | True |          ::1/128          |       .       |  host  |         .         |
[   31.760391] cloud-init[882]: ci-info: +--------+------+---------------------------+---------------+--------+-------------------+
[   31.764037] cloud-init[882]: ci-info: ++++++++++++++++++++++++++++Route IPv4 info+++++++++++++++++++++++++++++
[   31.767181] cloud-init[882]: ci-info: +-------+-------------+----------+-----------------+-----------+-------+
[   31.770528] cloud-init[882]: ci-info: | Route | Destination | Gateway  |     Genmask     | Interface | Flags |
[   31.774636] cloud-init[882]: ci-info: +-------+-------------+----------+-----------------+-----------+-------+
[   31.779250] cloud-init[882]: ci-info: |   0   |   0.0.0.0   | 10.0.2.2 |     0.0.0.0     |   enp0s3  |   UG  |
[   31.783273] cloud-init[882]: ci-info: |   1   |   10.0.2.0  | 0.0.0.0  |  255.255.255.0  |   enp0s3  |   U   |
[   31.787269] cloud-init[882]: ci-info: |   2   |   10.0.2.2  | 0.0.0.0  | 255.255.255.255 |   enp0s3  |   UH  |
[   31.790892] cloud-init[882]: ci-info: +-------+-------------+----------+-----------------+-----------+-------+
[   31.794063] cloud-init[882]: ci-info: +++++++++++++++++++Route IPv6 info+++++++++++++++++++
[   31.796890] cloud-init[882]: ci-info: +-------+-------------+---------+-----------+-------+
[   31.799438] cloud-init[882]: ci-info: | Route | Destination | Gateway | Interface | Flags |
[   31.802214] cloud-init[882]: ci-info: +-------+-------------+---------+-----------+-------+
[   31.804911] cloud-init[882]: ci-info: |   1   |  fe80::/64  |    ::   |   enp0s3  |   U   |
[   31.807582] cloud-init[882]: ci-info: |   3   |    local    |    ::   |   enp0s3  |   U   |
[   31.810694] cloud-init[882]: ci-info: |   4   |   ff00::/8  |    ::   |   enp0s3  |   U   |
[   31.813488] cloud-init[882]: ci-info: +-------+-------------+---------+-----------+-------+
[   33.051289] cloud-init[882]: Generating public/private rsa key pair.
[   33.053635] cloud-init[882]: Your identification has been saved in /etc/ssh/ssh_host_rsa_key.
[   33.056369] cloud-init[882]: Your public key has been saved in /etc/ssh/ssh_host_rsa_key.pub.
[   33.059220] cloud-init[882]: The key fingerprint is:
[   33.061263] cloud-init[882]: SHA256:oZmfjW2SmlNifppJixkYVJilybvE+BqUWgmUesIVehk root@ubuntu-bionic
[   33.064430] cloud-init[882]: The key's randomart image is:
[   33.066350] cloud-init[882]: +---[RSA 2048]----+
[   33.068375] cloud-init[882]: | ..E+            |
[   33.070067] cloud-init[882]: |.o+=o            |
[   33.071740] cloud-init[882]: |+.*o    .        |
[   33.073420] cloud-init[882]: |o*+o   + .       |
[   33.075195] cloud-init[882]: |.=B   + S        |
[   33.076901] cloud-init[882]: |o+ +  o..*       |
[   33.078783] cloud-init[882]: |o + .o.o* +      |
[   33.080980] cloud-init[882]: | o   =o*.o       |
[   33.082940] cloud-init[882]: |.   o B+         |
[   33.084547] cloud-init[882]: +----[SHA256]-----+
[   33.086124] cloud-init[882]: Generating public/private dsa key pair.
[   33.088560] cloud-init[882]: Your identification has been saved in /etc/ssh/ssh_host_dsa_key.
[   33.091352] cloud-init[882]: Your public key has been saved in /etc/ssh/ssh_host_dsa_key.pub.
[   33.094013] cloud-init[882]: The key fingerprint is:
[   33.095632] cloud-init[882]: SHA256:d3NiqF90Psc/3qZA1Y3DnH3K2W2MM+nCU1ePZuOzv/4 root@ubuntu-bionic
[   33.098416] cloud-init[882]: The key's randomart image is:
[   33.100311] cloud-init[882]: +---[DSA 1024]----+
[   33.102037] cloud-init[882]: |                 |
[   33.104312] cloud-init[882]: |             o =.|
[   33.106347] cloud-init[882]: |              B *|
[   33.108746] cloud-init[882]: |           . o X=|
[   33.110680] cloud-init[882]: |        S o B ^ B|
[   33.112913] cloud-init[882]: |         o * % B |
[   33.114868] cloud-init[882]: |        .   * * o|
[   33.141526] cloud-init[882]: |         . . + *+|
[   33.143690] cloud-init[882]: |          .   =BE|
[   33.145792] cloud-init[882]: +----[SHA256]-----+
[   33.147607] cloud-init[882]: Generating public/private ecdsa key pair.
[   33.149988] cloud-init[882]: Your identification has been saved in /etc/ssh/ssh_host_ecdsa_key.
[   33.153291] cloud-init[882]: Your public key has been saved in /etc/ssh/ssh_host_ecdsa_key.pub.
[   33.157137] cloud-init[882]: The key fingerprint is:
[   33.163554] cloud-init[882]: SHA256:brsPncLEui1NxnM8UunUS7PxMWJjh+yFm/azzpuqABg root@ubuntu-bionic
[   33.183434] cloud-init[882]: The key's randomart image is:
[   33.196592] cloud-init[882]: +---[ECDSA 256]---+
[   33.202084] cloud-init[882]: [[0;32m  OK  [0m] Started Initial cloud-init job (metadata service crawler).
[[0;32m  OK  [0m] Reached target Network is Online.
|                 |
[   33.209367] cloud-init[882]: |                 |
[[0;32m  OK  [0m] Reached target Remote File Systems (Pre).
[[0;32m  OK  [0m] Reached target Remote File Systems.
[   33.217227] cloud-init[882]: |    E      + o   |
[   33.230737] cloud-init[882]: |     o .  + & =  |
[   33.232438] cloud-init[882]: |    . ..S= = & o |
         Starting Availability of block devices...
[[0;32m  OK  [0m] Reached target System Initialization.
[   33.254997] cloud-init[882]: |       **.=.B .  |
[   33.260528] cloud-init[882]: |      .+B+oo .   |
[   33.262203] cloud-init[882]: |      .+.=   .o. |
[[0;32m  OK  [0m] Started Daily Cleanup of Temporary Directories.
[[0;32m  OK  [0m] Listening on Open-iSCSI iscsid Socket.
         Starting Socket activation for snappy daemon.
[[0;32m  OK  [0m] Started Ubuntu Advantage Timer for running repeated jobs.
[[0;32m  OK  [0m] Listening on UUID daemon activation socket.
[   33.264234] cloud-init[882]: |      ..+oo..o*+ |
[   33.274752] cloud-init[882]: +----[SHA256]-----+
[   33.276844] cloud-init[882]: Generating public/private ed25519 key pair.
[   33.278964] cloud-init[882]: Your identification has been saved in /etc/ssh/ssh_host_ed25519_key.
         Starting LXD - unix socket.
[[0;32m  OK  [0m] Started Daily apt download activities.
[   33.285516] cloud-init[882]: Your public key has been saved in /etc/ssh/ssh_host_ed25519_key.pub.
[[0;32m  OK  [0m] Started ACPI Events Check.
[   33.310614] cloud-init[882]: The key fingerprint is:
[   33.314102] cloud-init[882]: SHA256:KnAxPGKe0viEB4mncvwrs4XtZ5lOKghET8+aNLl+3+c root@ubuntu-bionic
[   33.317148] cloud-init[882]: The key's randomart image is:
[[0;32m  OK  [0m] Listening on ACPID Listen Socket.
[[0;32m  OK  [0m] Started Message of the Day.
[[0;32m  OK  [0m] Listening on D-Bus System Message Bus Socket.
[   33.321334] [[0;32m  OK  [0m] Started Daily apt upgrade and clean activities.
[[0;32m  OK  [0m] Reached target Paths.
[[0;32m  OK  [0m] Started Discard unused blocks once a week.
[[0;32m  OK  [0m] Reached target Timers.
[[0;32m  OK  [0m] Listening on cloud-init hotplug hook socket.
[[0;32m  OK  [0m] Reached target Cloud-config availability.
[[0;32m  OK  [0m] Started Availability of block devices.
[[0;32m  OK  [0m] Listening on Socket activation for snappy daemon.
[[0;32m  OK  [0m] Listening on LXD - unix socket.
[[0;32m  OK  [0m] Reached target Sockets.
[[0;32m  OK  [0m] Reached target Basic System.
[[0;32m  OK  [0m] Reached target Login Prompts (Pre).
         Starting Virtualbox guest utils...
[[0;32m  OK  [0m] Started D-Bus System Message Bus.
cloud-init[882]: +--[ED25519 256]--+
[   33.383075] cloud-init[882]: |                 |
[   33.405049] cloud-init[882]: |.o o             |
[   33.426753] cloud-init[882]: |= * O            |
[   33.441173]          Starting Accounts Service...
cloud-init[882]:          Starting System Logging Service...
         Starting LXD - container startup/shutdown...
| % B *           |
[   33.461160] cloud-init[882]: |B @ *   S        |
[   33.470733] cloud-init[882]: |o* X   .         |
[   33.483492] cloud-init[882]: |..+ = oo         |
[   33.494803] cloud-init[882]: |. ++ *= .  .     |
[   33.502524] cloud-init[882]: |  .==+o. .oE     |
[   33.508909] cloud-init[882]: [[0;32m  OK  [0m] Started Regular background program processing daemon.
         Starting LSB: Record successful boot for GRUB...
[[0;32m  OK  [0m] Started Deferred execution scheduler.
+----[SHA256]-----+
         Starting Login Service...
         Starting LSB: automatic crash report generation...
         Starting Dispatcher daemon for systemd-networkd...
[[0;32m  OK  [0m] Started FUSE filesystem for LXC.
         Starting Permit User Sessions...
[[0;32m  OK  [0m] Started irqbalance daemon.
         Starting Pollinate to seed the pseudo random number generator...
         Starting Snap Daemon...
[[0;32m  OK  [0m] Started System Logging Service.
[[0;32m  OK  [0m] Started Permit User Sessions.
[[0;32m  OK  [0m] Started Login Service.
[[0;32m  OK  [0m] Started Unattended Upgrades Shutdown.
         Starting Authorization Manager...
         Starting Hold until boot process finishes up...
         Starting Terminate Plymouth Boot Screen...
[[0;32m  OK  [0m] Started Hold until boot process finishes up.
[[0;32m  OK  [0m] Started Serial Getty on ttyS0.
         Starting Set console scheme...
[[0;32m  OK  [0m] Started Terminate Plymouth Boot Screen.
[[0;32m  OK  [0m] Started LSB: automatic crash report generation.
[[0;32m  OK  [0m] Started Set console scheme.
[[0;32m  OK  [0m] Created slice system-getty.slice.
[[0;32m  OK  [0m] Started Getty on tty1.
[[0;32m  OK  [0m] Reached target Login Prompts.
[[0;32m  OK  [0m] Started LSB: Record successful boot for GRUB.
[[0;32m  OK  [0m] Started Authorization Manager.
[[0;32m  OK  [0m] Started Accounts Service.
[[0;32m  OK  [0m] Started Virtualbox guest utils.
[[0;32m  OK  [0m] Started LXD - container startup/shutdown.
[[0;32m  OK  [0m] Started Dispatcher daemon for systemd-networkd.
[[0;32m  OK  [0m] Started Snap Daemon.
         Starting Wait until snapd is fully seeded...
         Starting Time & Date Service...
[[0;32m  OK  [0m] Started Pollinate to seed the pseudo random number generator.
         Starting OpenBSD Secure Shell server...
[[0;32m  OK  [0m] Started Time & Date Service.
[[0;32m  OK  [0m] Started OpenBSD Secure Shell server.
[[0;32m  OK  [0m] Created slice User Slice of vagrant.
         Starting User Manager for UID 1000...
[[0;32m  OK  [0m] Started Session 1 of user vagrant.
[[0;32m  OK  [0m] Started User Manager for UID 1000.

Ubuntu 18.04.6 LTS ubuntu-bionic ttyS0

ubuntu-bionic login: [   43.651343] cloud-init[1479]: Cloud-init v. 23.1.1-0ubuntu0~18.04.1 running 'modules:config' at Sun, 14 May 2023 17:35:58 +0000. Up 41.57 seconds.
ci-info: no authorized SSH keys fingerprints found for user ubuntu.
<14>May 14 17:36:02 cloud-init: #############################################################
<14>May 14 17:36:02 cloud-init: -----BEGIN SSH HOST KEY FINGERPRINTS-----
<14>May 14 17:36:02 cloud-init: 1024 SHA256:d3NiqF90Psc/3qZA1Y3DnH3K2W2MM+nCU1ePZuOzv/4 root@ubuntu-bionic (DSA)
<14>May 14 17:36:02 cloud-init: 256 SHA256:brsPncLEui1NxnM8UunUS7PxMWJjh+yFm/azzpuqABg root@ubuntu-bionic (ECDSA)
<14>May 14 17:36:02 cloud-init: 256 SHA256:KnAxPGKe0viEB4mncvwrs4XtZ5lOKghET8+aNLl+3+c root@ubuntu-bionic (ED25519)
<14>May 14 17:36:02 cloud-init: 2048 SHA256:oZmfjW2SmlNifppJixkYVJilybvE+BqUWgmUesIVehk root@ubuntu-bionic (RSA)
<14>May 14 17:36:02 cloud-init: -----END SSH HOST KEY FINGERPRINTS-----
<14>May 14 17:36:02 cloud-init: #############################################################
-----BEGIN SSH HOST KEY KEYS-----
ecdsa-sha2-nistp256 AAAAE2VjZHNhLXNoYTItbmlzdHAyNTYAAAAIbmlzdHAyNTYAAABBBNIU/P97H910hAQtRkNEvWfsodkFzOZxjmSo7jR6GOyUQQE+a/FPO5a7y7h1uNHN/KcP4Pjjhc2jfxEegxvVrWM= root@ubuntu-bionic
ssh-ed25519 AAAAC3NzaC1lZDI1NTE5AAAAIEW4Wtwbf56oQ1BDZbqcFiuFoj/QIf4aJxNjKgMKGDSt root@ubuntu-bionic
ssh-rsa AAAAB3NzaC1yc2EAAAADAQABAAABAQCsFO1NCJeV9scUia4NVpTjhF1nmF6FtrSzIpLy7xIYbO3nV0CTP69y1+60zlElsBX+KdYU5/ILvDZD+XtVIi0oLT07UHImyzpDFe4DTQ8+1QPPsjsBESszFbwzzWjfrbfHNRKYDdw4aAefbv7bUtpPhdvcWwT8I6Wp5ZIYdn86dM5eb8cymOBAvIv7d+zefRukZjwrXUoYBOaDTYq2FDefwE4NgjT0f61eGhtylYqqMph3CU8Gc3XMY/7H6RaoWcAweXWXFxImbsqHoDk8pLxoBnh6UXYqeVLrPv+naI9inYrjRE/HlYqeotnZctGt6RZRuzXXwl9QpQ3eYkdUJdcx root@ubuntu-bionic
-----END SSH HOST KEY KEYS-----
[   45.823453] cloud-init[1614]: Cloud-init v. 23.1.1-0ubuntu0~18.04.1 running 'modules:final' at Sun, 14 May 2023 17:36:02 +0000. Up 45.34 seconds.
[   45.823588] cloud-init[1614]: Cloud-init v. 23.1.1-0ubuntu0~18.04.1 finished at Sun, 14 May 2023 17:36:02 +0000. Datasource DataSourceNoCloud [seed=/dev/sdb][dsmode=net].  Up 45.80 seconds
