[    0.000000] Linux version 4.15.0-209-generic (buildd@lcy02-amd64-091) (gcc version 7.5.0 (Ubuntu 7.5.0-3ubuntu1~18.04)) #220-Ubuntu SMP Tue Mar 21 17:52:18 UTC 2023 (Ubuntu 4.15.0-209.220-generic 4.15.18)
[    0.000000] Command line: BOOT_IMAGE=/boot/vmlinuz-4.15.0-209-generic root=LABEL=cloudimg-rootfs ro console=tty1 console=ttyS0
[    0.000000] KERNEL supported cpus:
[    0.000000]   Intel GenuineIntel
[    0.000000]   AMD AuthenticAMD
[    0.000000]   Centaur CentaurHauls
[    0.000000] x86/fpu: x87 FPU will use FXSAVE
[    0.000000] e820: BIOS-provided physical RAM map:
[    0.000000] BIOS-e820: [mem 0x0000000000000000-0x000000000009fbff] usable
[    0.000000] BIOS-e820: [mem 0x000000000009fc00-0x000000000009ffff] reserved
[    0.000000] BIOS-e820: [mem 0x00000000000f0000-0x00000000000fffff] reserved
[    0.000000] BIOS-e820: [mem 0x0000000000100000-0x000000007ffeffff] usable
[    0.000000] BIOS-e820: [mem 0x000000007fff0000-0x000000007fffffff] ACPI data
[    0.000000] BIOS-e820: [mem 0x00000000fec00000-0x00000000fec00fff] reserved
[    0.000000] BIOS-e820: [mem 0x00000000fee00000-0x00000000fee00fff] reserved
[    0.000000] BIOS-e820: [mem 0x00000000fffc0000-0x00000000ffffffff] reserved
[    0.000000] NX (Execute Disable) protection: active
[    0.000000] SMBIOS 2.5 present.
[    0.000000] DMI: innotek GmbH VirtualBox/VirtualBox, BIOS VirtualBox 12/01/2006
[    0.000000] Hypervisor detected: KVM
[    0.000000] e820: last_pfn = 0x7fff0 max_arch_pfn = 0x400000000
[    0.000000] MTRR: Disabled
[    0.000000] x86/PAT: MTRRs disabled, skipping PAT initialization too.
[    0.000000] CPU MTRRs all blank - virtualized system.
[    0.000000] x86/PAT: Configuration [0-7]: WB  WT  UC- UC  WB  WT  UC- UC  
[    0.000000] found SMP MP-table at [mem 0x0009fff0-0x0009ffff]
[    0.000000] Scanning 1 areas for low memory corruption
[    0.000000] RAMDISK: [mem 0x359c9000-0x36cdbfff]
[    0.000000] ACPI: Early table checksum verification disabled
[    0.000000] ACPI: RSDP 0x00000000000E0000 000024 (v02 VBOX  )
[    0.000000] ACPI: XSDT 0x000000007FFF0030 00003C (v01 VBOX   VBOXXSDT 00000001 ASL  00000061)
[    0.000000] ACPI: FACP 0x000000007FFF00F0 0000F4 (v04 VBOX   VBOXFACP 00000001 ASL  00000061)
[    0.000000] ACPI: DSDT 0x000000007FFF0470 002325 (v02 VBOX   VBOXBIOS 00000002 INTL 20100528)
[    0.000000] ACPI: FACS 0x000000007FFF0200 000040
[    0.000000] ACPI: FACS 0x000000007FFF0200 000040
[    0.000000] ACPI: APIC 0x000000007FFF0240 00005C (v02 VBOX   VBOXAPIC 00000001 ASL  00000061)
[    0.000000] ACPI: SSDT 0x000000007FFF02A0 0001CC (v01 VBOX   VBOXCPUT 00000002 INTL 20100528)
[    0.000000] ACPI: Reserving FACP table memory at [mem 0x7fff00f0-0x7fff01e3]
[    0.000000] ACPI: Reserving DSDT table memory at [mem 0x7fff0470-0x7fff2794]
[    0.000000] ACPI: Reserving FACS table memory at [mem 0x7fff0200-0x7fff023f]
[    0.000000] ACPI: Reserving FACS table memory at [mem 0x7fff0200-0x7fff023f]
[    0.000000] ACPI: Reserving APIC table memory at [mem 0x7fff0240-0x7fff029b]
[    0.000000] ACPI: Reserving SSDT table memory at [mem 0x7fff02a0-0x7fff046b]
[    0.000000] No NUMA configuration found
[    0.000000] Faking a node at [mem 0x0000000000000000-0x000000007ffeffff]
[    0.000000] NODE_DATA(0) allocated [mem 0x7ffc5000-0x7ffeffff]
[    0.000000] kvm-clock: cpu 0, msr 0:7ff44001, primary cpu clock
[    0.000000] kvm-clock: Using msrs 4b564d01 and 4b564d00
[    0.000000] kvm-clock: using sched offset of 6358427629 cycles
[    0.000000] clocksource: kvm-clock: mask: 0xffffffffffffffff max_cycles: 0x1cd42e4dffb, max_idle_ns: 881590591483 ns
[    0.000000] Zone ranges:
[    0.000000]   DMA      [mem 0x0000000000001000-0x0000000000ffffff]
[    0.000000]   DMA32    [mem 0x0000000001000000-0x000000007ffeffff]
[    0.000000]   Normal   empty
[    0.000000]   Device   empty
[    0.000000] Movable zone start for each node
[    0.000000] Early memory node ranges
[    0.000000]   node   0: [mem 0x0000000000001000-0x000000000009efff]
[    0.000000]   node   0: [mem 0x0000000000100000-0x000000007ffeffff]
[    0.000000] Reserved but unavailable: 104 pages
[    0.000000] Initmem setup node 0 [mem 0x0000000000001000-0x000000007ffeffff]
[    0.000000] ACPI: PM-Timer IO Port: 0x4008
[    0.000000] IOAPIC[0]: apic_id 2, version 32, address 0xfec00000, GSI 0-23
[    0.000000] ACPI: INT_SRC_OVR (bus 0 bus_irq 0 global_irq 2 dfl dfl)
[    0.000000] ACPI: INT_SRC_OVR (bus 0 bus_irq 9 global_irq 9 low level)
[    0.000000] Using ACPI (MADT) for SMP configuration information
[    0.000000] smpboot: Allowing 2 CPUs, 0 hotplug CPUs
[    0.000000] PM: Registered nosave memory: [mem 0x00000000-0x00000fff]
[    0.000000] PM: Registered nosave memory: [mem 0x0009f000-0x0009ffff]
[    0.000000] PM: Registered nosave memory: [mem 0x000a0000-0x000effff]
[    0.000000] PM: Registered nosave memory: [mem 0x000f0000-0x000fffff]
[    0.000000] e820: [mem 0x80000000-0xfebfffff] available for PCI devices
[    0.000000] Booting paravirtualized kernel on KVM
[    0.000000] clocksource: refined-jiffies: mask: 0xffffffff max_cycles: 0xffffffff, max_idle_ns: 7645519600211568 ns
[    0.000000] setup_percpu: NR_CPUS:8192 nr_cpumask_bits:2 nr_cpu_ids:2 nr_node_ids:1
[    0.000000] percpu: Embedded 50 pages/cpu s167936 r8192 d28672 u1048576
[    0.000000] PV qspinlock hash table entries: 256 (order: 0, 4096 bytes)
[    0.000000] Built 1 zonelists, mobility grouping on.  Total pages: 515961
[    0.000000] Policy zone: DMA32
[    0.000000] Kernel command line: BOOT_IMAGE=/boot/vmlinuz-4.15.0-209-generic root=LABEL=cloudimg-rootfs ro console=tty1 console=ttyS0
[    0.000000] Memory: 2014832K/2096696K available (12300K kernel code, 2477K rwdata, 4324K rodata, 2480K init, 2720K bss, 81864K reserved, 0K cma-reserved)
[    0.000000] SLUB: HWalign=64, Order=0-3, MinObjects=0, CPUs=2, Nodes=1
[    0.000000] ftrace: allocating 39506 entries in 155 pages
[    0.004000] Hierarchical RCU implementation.
[    0.004000] 	RCU restricting CPUs from NR_CPUS=8192 to nr_cpu_ids=2.
[    0.004000] 	Tasks RCU enabled.
[    0.004000] RCU: Adjusting geometry for rcu_fanout_leaf=16, nr_cpu_ids=2
[    0.004000] NR_IRQS: 524544, nr_irqs: 440, preallocated irqs: 16
[    0.004000] Console: colour VGA+ 80x25
[    0.004000] console [tty1] enabled
[    0.004000] console [ttyS0] enabled
[    0.004000] ACPI: Core revision 20170831
[    0.004000] ACPI: 2 ACPI AML tables successfully acquired and loaded
[    0.004000] APIC: Switch to symmetric I/O mode setup
[    0.008000] ..TIMER: vector=0x30 apic1=0 pin1=2 apic2=-1 pin2=-1
[    0.008043] tsc: Detected 1800.004 MHz processor
[    0.012031] Calibrating delay loop (skipped) preset value.. 3600.00 BogoMIPS (lpj=7200016)
[    0.016061] pid_max: default: 32768 minimum: 301
[    0.020319] Security Framework initialized
[    0.024014] Yama: becoming mindful.
[    0.028299] AppArmor: AppArmor initialized
[    0.056906] Dentry cache hash table entries: 262144 (order: 9, 2097152 bytes)
[    0.072902] Inode-cache hash table entries: 131072 (order: 8, 1048576 bytes)
[    0.076413] Mount-cache hash table entries: 4096 (order: 3, 32768 bytes)
[    0.080398] Mountpoint-cache hash table entries: 4096 (order: 3, 32768 bytes)
[    0.093825] Last level iTLB entries: 4KB 64, 2MB 8, 4MB 8
[    0.096017] Last level dTLB entries: 4KB 64, 2MB 0, 4MB 0, 1GB 4
[    0.100018] Spectre V1 : Mitigation: usercopy/swapgs barriers and __user pointer sanitization
[    0.104012] Spectre V2 : Mitigation: Enhanced IBRS
[    0.108010] Spectre V2 : Spectre v2 / SpectreRSB mitigation: Filling RSB on context switch
[    0.112006] Spectre V2 : Spectre v2 / PBRSB-eIBRS: Retire a single CALL on VMEXIT
[    0.116013] RETBleed: Mitigation: Enhanced IBRS
[    0.120010] Speculative Store Bypass: Vulnerable
[    0.124145] MMIO Stale Data: Vulnerable: Clear CPU buffers attempted, no microcode
[    0.128430] Freeing SMP alternatives memory: 36K
[    0.250953] smpboot: CPU0: Intel(R) Core(TM) i5-8265U CPU @ 1.60GHz (family: 0x6, model: 0x8e, stepping: 0xc)
[    0.257188] Performance Events: unsupported p6 CPU model 142 no PMU driver, software events only.
[    0.260283] Hierarchical SRCU implementation.
[    0.270198] NMI watchdog: Perf event create on CPU 0 failed with -2
[    0.272012] NMI watchdog: Perf NMI watchdog permanently disabled
[    0.276974] smp: Bringing up secondary CPUs ...
[    0.282617] x86: Booting SMP configuration:
[    0.284014] .... node  #0, CPUs:      #1
[    0.004000] kvm-clock: cpu 1, msr 0:7ff44041, secondary cpu clock
[    0.311938] TSC synchronization [CPU#0 -> CPU#1]:
[    0.312000] Measured 72751 cycles TSC warp between CPUs, turning off TSC clock.
[    0.312000] tsc: Marking TSC unstable due to check_tsc_sync_source failed
[    0.316737] smp: Brought up 1 node, 2 CPUs
[    0.320040] smpboot: Max logical packages: 1
[    0.324012] smpboot: Total of 2 processors activated (7200.01 BogoMIPS)
[    0.336339] devtmpfs: initialized
[    0.340251] x86/mm: Memory block size: 128MB
[    0.348446] evm: security.selinux
[    0.352008] evm: security.SMACK64
[    0.356009] evm: security.SMACK64EXEC
[    0.360009] evm: security.SMACK64TRANSMUTE
[    0.364009] evm: security.SMACK64MMAP
[    0.368009] evm: security.apparmor
[    0.372010] evm: security.ima
[    0.376012] evm: security.capability
[    0.384729] clocksource: jiffies: mask: 0xffffffff max_cycles: 0xffffffff, max_idle_ns: 7645041785100000 ns
[    0.388030] futex hash table entries: 512 (order: 3, 32768 bytes)
[    0.392201] pinctrl core: initialized pinctrl subsystem
[    0.396666] RTC time: 12:53:12, date: 05/14/23
[    0.404888] NET: Registered protocol family 16
[    0.408260] audit: initializing netlink subsys (disabled)
[    0.412266] audit: type=2000 audit(1684068798.617:1): state=initialized audit_enabled=0 res=1
[    0.424014] cpuidle: using governor ladder
[    0.428015] cpuidle: using governor menu
[    0.431671] ACPI: bus type PCI registered
[    0.432014] acpiphp: ACPI Hot Plug PCI Controller Driver version: 0.5
[    0.437420] PCI: Using configuration type 1 for base access
[    0.452842] HugeTLB registered 2.00 MiB page size, pre-allocated 0 pages
[    0.468631] ACPI: Added _OSI(Module Device)
[    0.472017] ACPI: Added _OSI(Processor Device)
[    0.476013] ACPI: Added _OSI(3.0 _SCP Extensions)
[    0.480012] ACPI: Added _OSI(Processor Aggregator Device)
[    0.484009] ACPI: Added _OSI(Linux-Dell-Video)
[    0.488008] ACPI: Added _OSI(Linux-Lenovo-NV-HDMI-Audio)
[    0.492005] ACPI: Added _OSI(Linux-HPI-Hybrid-Graphics)
[    0.497110] ACPI: Executed 1 blocks of module-level executable AML code
[    0.520228] ACPI: Interpreter enabled
[    0.524048] ACPI: (supports S0 S5)
[    0.528012] ACPI: Using IOAPIC for interrupt routing
[    0.533085] PCI: Using host bridge windows from ACPI; if necessary, use "pci=nocrs" and report a bug
[    0.536684] ACPI: Enabled 2 GPEs in block 00 to 07
[    0.577245] ACPI: PCI Root Bridge [PCI0] (domain 0000 [bus 00-ff])
[    0.580033] acpi PNP0A03:00: _OSC: OS supports [ASPM ClockPM Segments MSI]
[    0.590219] acpi PNP0A03:00: _OSC: not requesting OS control; OS requires [ExtendedConfig ASPM ClockPM MSI]
[    0.592044] acpi PNP0A03:00: fail to add MMCONFIG information, can't access extended PCI configuration space under this bridge.
[    0.601954] PCI host bridge to bus 0000:00
[    0.604019] pci_bus 0000:00: root bus resource [io  0x0000-0x0cf7 window]
[    0.608008] pci_bus 0000:00: root bus resource [io  0x0d00-0xffff window]
[    0.612016] pci_bus 0000:00: root bus resource [mem 0x000a0000-0x000bffff window]
[    0.616021] pci_bus 0000:00: root bus resource [mem 0x80000000-0xfdffffff window]
[    0.620018] pci_bus 0000:00: root bus resource [bus 00-ff]
[    0.643482] pci 0000:00:01.1: legacy IDE quirk: reg 0x10: [io  0x01f0-0x01f7]
[    0.644018] pci 0000:00:01.1: legacy IDE quirk: reg 0x14: [io  0x03f6]
[    0.648015] pci 0000:00:01.1: legacy IDE quirk: reg 0x18: [io  0x0170-0x0177]
[    0.652014] pci 0000:00:01.1: legacy IDE quirk: reg 0x1c: [io  0x0376]
[    0.722226] pci 0000:00:07.0: quirk: [io  0x4000-0x403f] claimed by PIIX4 ACPI
[    0.724175] pci 0000:00:07.0: quirk: [io  0x4100-0x410f] claimed by PIIX4 SMB
[    0.763340] ACPI: PCI Interrupt Link [LNKA] (IRQs 5 9 10 *11)
[    0.769108] ACPI: PCI Interrupt Link [LNKB] (IRQs 5 9 *10 11)
[    0.772799] ACPI: PCI Interrupt Link [LNKC] (IRQs 5 *9 10 11)
[    0.776858] ACPI: PCI Interrupt Link [LNKD] (IRQs 5 9 10 *11)
[    0.782013] SCSI subsystem initialized
[    0.788165] pci 0000:00:02.0: vgaarb: setting as boot VGA device
[    0.792000] pci 0000:00:02.0: vgaarb: VGA device added: decodes=io+mem,owns=io+mem,locks=none
[    0.792018] pci 0000:00:02.0: vgaarb: bridge control possible
[    0.796012] vgaarb: loaded
[    0.804131] ACPI: bus type USB registered
[    0.808140] usbcore: registered new interface driver usbfs
[    0.812070] usbcore: registered new interface driver hub
[    0.816043] usbcore: registered new device driver usb
[    0.820801] EDAC MC: Ver: 3.0.0
[    0.836209] PCI: Using ACPI for IRQ routing
[    0.845453] NetLabel: Initializing
[    0.852014] NetLabel:  domain hash size = 128
[    0.856012] NetLabel:  protocols = UNLABELED CIPSOv4 CALIPSO
[    0.864416] NetLabel:  unlabeled traffic allowed by default
[    0.868607] clocksource: Switched to clocksource kvm-clock
[    0.902823] VFS: Disk quotas dquot_6.6.0
[    0.902823] VFS: Dquot-cache hash table entries: 512 (order 0, 4096 bytes)
[    0.902823] AppArmor: AppArmor Filesystem Enabled
[    0.902823] pnp: PnP ACPI init
[    0.902823] pnp: PnP ACPI: found 3 devices
[    1.138704] clocksource: acpi_pm: mask: 0xffffff max_cycles: 0xffffff, max_idle_ns: 2085701024 ns
[    1.140688] NET: Registered protocol family 2
[    1.140688] IP idents hash table entries: 32768 (order: 6, 262144 bytes)
[    1.194446] TCP established hash table entries: 16384 (order: 5, 131072 bytes)
[    1.214747] TCP bind hash table entries: 16384 (order: 6, 262144 bytes)
[    1.217275] TCP: Hash tables configured (established 16384 bind 16384)
[    1.217275] UDP hash table entries: 1024 (order: 3, 32768 bytes)
[    1.217275] UDP-Lite hash table entries: 1024 (order: 3, 32768 bytes)
[    1.287965] NET: Registered protocol family 1
[    1.291347] pci 0000:00:00.0: Limiting direct PCI/PCI transfers
[    1.314227] pci 0000:00:01.0: Activating ISA DMA hang workarounds
[    1.317885] pci 0000:00:02.0: Video device with shadowed ROM at [mem 0x000c0000-0x000dffff]
[    1.317885] Unpacking initramfs...
[    2.852397] Freeing initrd memory: 19532K
[    2.864659] clocksource: tsc: mask: 0xffffffffffffffff max_cycles: 0x19f22d4590b, max_idle_ns: 440795206913 ns
[    2.891237] platform rtc_cmos: registered platform RTC device (no PNP device found)
[    2.911020] Scanning for low memory corruption every 60 seconds
[    2.934548] Initialise system trusted keyrings
[    2.947716] Key type blacklist registered
[    2.961820] workingset: timestamp_bits=36 max_order=19 bucket_order=0
[    2.986911] zbud: loaded
[    2.999892] squashfs: version 4.0 (2009/01/31) Phillip Lougher
[    3.017279] fuse init (API version 7.26)
[    3.073795] Key type asymmetric registered
[    3.082017] Asymmetric key parser 'x509' registered
[    3.093710] Block layer SCSI generic (bsg) driver version 0.4 loaded (major 246)
[    3.116679] io scheduler noop registered
[    3.129140] io scheduler deadline registered
[    3.143316] io scheduler cfq registered (default)
[    3.160332] ACPI: AC Adapter [AC] (off-line)
[    3.175447] input: Power Button as /devices/LNXSYSTM:00/LNXPWRBN:00/input/input0
[    3.193172] ACPI: Power Button [PWRF]
[    3.202535] input: Sleep Button as /devices/LNXSYSTM:00/LNXSLPBN:00/input/input1
[    3.216562] ACPI: Sleep Button [SLPF]
[    3.229645] Serial: 8250/16550 driver, 32 ports, IRQ sharing enabled
[    3.230273] ACPI: Battery Slot [BAT0] (battery present)
[    3.322300] 00:02: ttyS0 at I/O 0x3f8 (irq = 4, base_baud = 115200) is a 16550A
[    3.345235] Linux agpgart interface v0.103
[    3.365305] loop: module loaded
[    3.375601] scsi host0: ata_piix
[    3.382876] scsi host1: ata_piix
[    3.387560] ata1: PATA max UDMA/33 cmd 0x1f0 ctl 0x3f6 bmdma 0xd000 irq 14
[    3.395612] ata2: PATA max UDMA/33 cmd 0x170 ctl 0x376 bmdma 0xd008 irq 15
[    3.404070] tun: Universal TUN/TAP device driver, 1.6
[    3.411125] PPP generic driver version 2.4.2
[    3.417568] ehci_hcd: USB 2.0 'Enhanced' Host Controller (EHCI) Driver
[    3.426233] ehci-pci: EHCI PCI platform driver
[    3.432384] ehci-platform: EHCI generic platform driver
[    3.439280] ohci_hcd: USB 1.1 'Open' Host Controller (OHCI) Driver
[    3.447931] ohci-pci: OHCI PCI platform driver
[    3.454311] ohci-platform: OHCI generic platform driver
[    3.460286] uhci_hcd: USB Universal Host Controller Interface driver
[    3.466057] i8042: PNP: PS/2 Controller [PNP0303:PS2K,PNP0f03:PS2M] at 0x60,0x64 irq 1,12
[    3.489857] serio: i8042 KBD port at 0x60,0x64 irq 1
[    3.507332] serio: i8042 AUX port at 0x60,0x64 irq 12
[    3.525828] mousedev: PS/2 mouse device common for all mice
[    3.548848] rtc_cmos rtc_cmos: rtc core: registered rtc_cmos as rtc0
[    3.550045] input: AT Translated Set 2 keyboard as /devices/platform/i8042/serio0/input/input2
[    3.567453] rtc_cmos rtc_cmos: alarms up to one day, 114 bytes nvram
[    3.607352] i2c /dev entries driver
[    3.616312] device-mapper: uevent: version 1.0.3
[    3.649535] device-mapper: ioctl: 4.37.0-ioctl (2017-09-20) initialised: dm-devel@redhat.com
[    3.693514] ledtrig-cpu: registered to indicate activity on CPUs
[    3.714002] NET: Registered protocol family 10
[    3.755268] Segment Routing with IPv6
[    3.766687] NET: Registered protocol family 17
[    3.780924] Key type dns_resolver registered
[    3.798646] mce: Using 0 MCE banks
[    3.810429] RAS: Correctable Errors collector initialized.
[    3.823026] sched_clock: Marking stable (3822852955, 0)->(5998746987, -2175894032)
[    3.853334] registered taskstats version 1
[    3.863207] Loading compiled-in X.509 certificates
[    3.890031] Loaded X.509 cert 'Build time autogenerated kernel key: 34a8448b8ea51591fef45052227f4b706811bd64'
[    3.914951] Loaded X.509 cert 'Canonical Ltd. Live Patch Signing: 14df34d1a87cf37625abec039ef2bf521249b969'
[    3.938038] Loaded X.509 cert 'Canonical Ltd. Kernel Module Signing: 88f752e560a1e0737e31163a466ad7b70a850c19'
[    3.963965] blacklist: Loading compiled-in revocation X.509 certificates
[    3.982875] Loaded X.509 cert 'Canonical Ltd. Secure Boot Signing: 61482aa2830d0ab2ad5af10b7250da9033ddcef0'
[    4.008981] Loaded X.509 cert 'Canonical Ltd. Secure Boot Signing (2017): 242ade75ac4a15e50d50c84b0d45ff3eae707a03'
[    4.035907] Loaded X.509 cert 'Canonical Ltd. Secure Boot Signing (ESM 2018): 365188c1d374d6b07c3c8f240f8ef722433d6a8b'
[    4.065384] Loaded X.509 cert 'Canonical Ltd. Secure Boot Signing (2019): c0746fd6c5da3ae827864651ad66ae47fe24b3e8'
[    4.081736] Loaded X.509 cert 'Canonical Ltd. Secure Boot Signing (2021 v1): a8d54bbb3825cfb94fa13c9f8a594a195c107b8d'
[    4.094702] Loaded X.509 cert 'Canonical Ltd. Secure Boot Signing (2021 v2): 4cf046892d6fd3c9a5b03f98d845f90851dc6a8c'
[    4.106285] Loaded X.509 cert 'Canonical Ltd. Secure Boot Signing (2021 v3): 100437bb6de6e469b581e61cd66bce3ef4ed53af'
[    4.121302] Loaded X.509 cert 'Canonical Ltd. Secure Boot Signing (Ubuntu Core 2019): c1d57b8f6b743f23ee41f4f7ee292f06eecadfb9'
[    4.139799] zswap: loaded using pool lzo/zbud
[    4.181767] Key type big_key registered
[    4.190894] Key type trusted registered
[    4.209509] Key type encrypted registered
[    4.218939] AppArmor: AppArmor sha1 policy hashing enabled
[    4.231622] ima: No TPM chip found, activating TPM-bypass! (rc=-19)
[    4.246258] ima: Allocated hash algorithm: sha1
[    4.256448] evm: HMAC attrs: 0x1
[    4.265517]   Magic number: 7:656:885
[    4.274119] rtc_cmos rtc_cmos: setting system clock to 2023-05-14 12:53:16 UTC (1684068796)
[    4.293345] BIOS EDD facility v0.16 2004-Jun-25, 0 devices found
[    4.305522] EDD information not available.
[    4.325024] Freeing unused kernel image memory: 2480K
[    4.567791] Write protecting the kernel read-only data: 20480k
[    4.590060] Freeing unused kernel image memory: 2008K
[    4.609548] Freeing unused kernel image memory: 1820K
[    4.633862] x86/mm: Checked W+X mappings: passed, no W+X pages found.
Loading, please wait...
starting version 237
[    4.921963] e1000: Intel(R) PRO/1000 Network Driver - version 7.3.21-k8-NAPI
[    4.942083] e1000: Copyright (c) 1999-2006 Intel Corporation.
[    5.015905] Fusion MPT base driver 3.04.20
[    5.030232] Copyright (c) 1999-2008 LSI Corporation
[    5.070288] Fusion MPT SPI Host driver 3.04.20
[    5.530551] input: ImExPS/2 Generic Explorer Mouse as /devices/platform/i8042/serio1/input/input4
[    6.359526] e1000 0000:00:03.0 eth0: (PCI:33MHz:32-bit) 02:a3:74:7a:05:58
[    6.367654] e1000 0000:00:03.0 eth0: Intel(R) PRO/1000 Network Connection
[    6.380488] mptbase: ioc0: Initiating bringup
[    7.056834] ioc0: LSI53C1030 A0: Capabilities={Initiator}
[    8.338874] scsi host2: ioc0: LSI53C1030 A0, FwRev=00000000h, Ports=1, MaxQ=256, IRQ=20
[    8.581411] scsi 2:0:0:0: Direct-Access     VBOX     HARDDISK         1.0  PQ: 0 ANSI: 5
[    8.632671] scsi target2:0:0: Beginning Domain Validation
[    8.667197] scsi target2:0:0: Domain Validation skipping write tests
[    8.682299] scsi target2:0:0: Ending Domain Validation
[    8.699173] scsi target2:0:0: asynchronous
[    8.718497] scsi 2:0:1:0: Direct-Access     VBOX     HARDDISK         1.0  PQ: 0 ANSI: 5
[    8.972469] scsi target2:0:1: Beginning Domain Validation
[    9.007218] scsi target2:0:1: Domain Validation skipping write tests
[    9.023253] scsi target2:0:1: Ending Domain Validation
[    9.033498] scsi target2:0:1: asynchronous
[    9.057341] sd 2:0:0:0: Attached scsi generic sg0 type 0
[    9.065267] sd 2:0:1:0: Attached scsi generic sg1 type 0
[    9.077797] sd 2:0:0:0: [sda] 83886080 512-byte logical blocks: (42.9 GB/40.0 GiB)
[    9.085814] sd 2:0:1:0: [sdb] 20480 512-byte logical blocks: (10.5 MB/10.0 MiB)
[    9.095569] sd 2:0:1:0: [sdb] Write Protect is off
[    9.104490] sd 2:0:0:0: [sda] Write Protect is off
[    9.118751] sd 2:0:1:0: [sdb] Incomplete mode parameter data
[    9.130401] sd 2:0:1:0: [sdb] Assuming drive cache: write through
[    9.143774] sd 2:0:0:0: [sda] Incomplete mode parameter data
[    9.156313] sd 2:0:0:0: [sda] Assuming drive cache: write through
[    9.186474] sd 2:0:1:0: [sdb] Attached SCSI disk
[    9.198005]  sda: sda1
[    9.205618] sd 2:0:0:0: [sda] Attached SCSI disk
[    9.987807] e1000 0000:00:08.0 eth1: (PCI:33MHz:32-bit) 08:00:27:98:1c:eb
[   10.004624] e1000 0000:00:08.0 eth1: Intel(R) PRO/1000 Network Connection
[   10.018544] e1000 0000:00:03.0 enp0s3: renamed from eth0
[   10.041212] e1000 0000:00:08.0 enp0s8: renamed from eth1
Begin: Loading essential drivers ... [   14.220897] raid6: sse2x1   gen()  7783 MB/s
[   14.280305] raid6: sse2x1   xor()  1991 MB/s
[   14.340700] raid6: sse2x2   gen()  4582 MB/s
[   14.400991] raid6: sse2x2   xor()  2536 MB/s
[   14.460329] raid6: sse2x4   gen()  3925 MB/s
[   14.521802] raid6: sse2x4   xor()  2173 MB/s
[   14.534850] raid6: using algorithm sse2x1 gen() 7783 MB/s
[   14.550820] raid6: .... xor() 1991 MB/s, rmw enabled
[   14.565599] raid6: using ssse3x2 recovery algorithm
[   14.584610] xor: measuring software checksum speed
[   14.636209]    prefetch64-sse:  7655.000 MB/sec
[   14.689844]    generic_sse:  7486.000 MB/sec
[   14.701240] xor: using function: prefetch64-sse (7655.000 MB/sec)
[   14.713537] async_tx: api initialized (async)
done.
Begin: Running /scripts/init-premount ... done.
Begin: Mounting root file system ... Begin: Running /scripts/local-top ... done.
Begin: Running /scripts/local-premount ... [   14.896176] Btrfs loaded, crc32c=crc32c-intel
Scanning for Btrfs filesystems
done.
Warning: fsck not present, so skipping root file system
[   15.022838] EXT4-fs (sda1): mounted filesystem with ordered data mode. Opts: (null)
done.
Begin: Running /scripts/local-bottom ... done.
Begin: Running /scripts/init-bottom ... done.
[   15.448599] ip_tables: (C) 2000-2006 Netfilter Core Team
[   15.513560] systemd[1]: systemd 237 running in system mode. (+PAM +AUDIT +SELINUX +IMA +APPARMOR +SMACK +SYSVINIT +UTMP +LIBCRYPTSETUP +GCRYPT +GNUTLS +ACL +XZ +LZ4 +SECCOMP +BLKID +ELFUTILS +KMOD -IDN2 +IDN -PCRE2 default-hierarchy=hybrid)
[   15.550917] systemd[1]: Detected virtualization oracle.
[   15.566158] systemd[1]: Detected architecture x86-64.

Welcome to [1mUbuntu 18.04.6 LTS[0m!

[   15.616195] systemd[1]: Set hostname to <ubuntu>.
[   15.630610] random: systemd: uninitialized urandom read (16 bytes read)
[   15.637531] systemd[1]: Initializing machine ID from random generator.
[   15.643236] systemd[1]: Installed transient /etc/machine-id file.
[   16.461869] random: systemd: uninitialized urandom read (16 bytes read)
[   16.475903] systemd[1]: Reached target Swap.
[[0;32m  OK  [0m] Reached target Swap.
[   16.505667] random: systemd: uninitialized urandom read (16 bytes read)
[   16.527621] systemd[1]: Started Forward Password Requests to Wall Directory Watch.
[[0;32m  OK  [0m] Started Forward Password Requests to Wall Directory Watch.
[   16.571554] systemd[1]: Created slice System Slice.
[[0;32m  OK  [0m] Created slice System Slice.
[   16.579632] systemd[1]: Listening on Device-mapper event daemon FIFOs.
[[0;32m  OK  [0m] Listening on Device-mapper event daemon FIFOs.
[[0;32m  OK  [0m] Listening on fsck to fsckd communication Socket.
[[0;32m  OK  [0m] Listening on udev Control Socket.
[   16.634608] random: systemd: uninitialized urandom read (16 bytes read)
[[0;32m  OK  [0m] Set up automount Arbitrary Executab…rmats File System Automount Point.
[   16.668098] random: systemd: uninitialized urandom read (16 bytes read)
[[0;32m  OK  [0m] Created slice system-serial\x2dgetty.slice.
[   16.703208] random: systemd: uninitialized urandom read (16 bytes read)
[[0;32m  OK  [0m] Reached target System Time Synchronized.
[[0;32m  OK  [0m] Created slice User and Session Slice.
[[0;32m  OK  [0m] Listening on Network Service Netlink Socket.
[[0;32m  OK  [0m] Listening on udev Kernel Socket.
[[0;32m  OK  [0m] Listening on LVM2 metadata daemon socket.
[[0;32m  OK  [0m] Listening on LVM2 poll daemon socket.
[[0;32m  OK  [0m] Reached target Mounting snaps.
[[0;32m  OK  [0m] Reached target Mounted snaps.
[[0;32m  OK  [0m] Reached target Slices.
[[0;32m  OK  [0m] Listening on Syslog Socket.
[[0;32m  OK  [0m] Listening on Journal Socket.
         Starting Uncomplicated firewall...
         Mounting POSIX Message Queue File System...
         Starting File System Check on Root Device...
         Mounting Kernel Debug File System...
         Starting Create list of required st…ce nodes for the current kernel...
         Mounting Huge Pages File System...
         Starting Load Kernel Modules...
         Starting udev Coldplug all Devices...
         Starting Set the console keyboard layout...
[[0;32m  OK  [0m] Listening on /dev/initctl Compatibility Named Pipe.
[[0;32m  OK  [0m] Listening on Journal Socket (/dev/log).
[[0;32m  OK  [0m[   17.020120] Loading iSCSI transport class v2.0-870.
] Listening on Journal Audit Socket.
         Starting Journal Service...
[[0;32m  OK  [0m] Reached target User and Group Name Lookups.
         Starting Monitoring of LVM2 mirrors…ng dmeventd or progress polling...
[[0;32m  OK  [0m] Started Uncomplicated firewall.
[[0;32m  OK  [0m] Mounted POSIX Message Queue File System.
[[0;32m  OK  [0m] Started File System Check on Root Device.
[[0;32m  OK  [0m] Mounted Kernel Debug File System.
[[0;32m  OK  [0m] Started Create list of required sta…vice nodes for the current kernel.
[[0;32m  OK  [0m] Mounted Huge Pages File System.
[[0;32m  OK  [0m] Started File System Check Daemon to report status.
         Starting Create Static Device Nodes in /dev...[   17.300572] iscsi: registered transport (tcp)

         Starting Remount Root and Kernel File Systems...
[[0;32m  OK  [0m] Started LVM2 metadata daemon.
[[0;32m  OK  [0m] Started Journal Service.
[[0;32m  OK  [0m] Started udev Coldplug all Devices.
[[0;32m  OK  [0m] Started Create Static Device Nodes in /dev.
[   17.487557] EXT4-fs (sda1): re-mounted. Opts: (null)
[[0;32m  OK  [0m] Started Remount Root and Kernel File Systems.
         Starting Load/Save Random Seed...
         Starting udev Kernel Device Manager...
         Starting Flush Journal to Persistent Storage...
[   17.613272] systemd-journald[385]: Received request to flush runtime journal from PID 1
[[0;32m  OK  [0m] Started Load/Save Random Seed.
[[0;32m  OK  [0m] Started Monitoring of LVM2 mirrors,…sing dmeventd or progress polling.
[   17.725478] random: systemd-journal: uninitialized urandom read (16 bytes read)
[[0;32m  OK  [0m] Started udev Kernel Device Manager.
[   17.772584] random: mktemp: uninitialized urandom read (6 bytes read)
[   17.825986] iscsi: registered transport (iser)
[[0;32m  OK  [0m] Started Load Kernel Modules.
[   17.850990] random: ckbcomp: uninitialized urandom read (4 bytes read)
[[0;32m  OK  [0m] Started Flush Journal to Persistent Storage.
         Mounting Kernel Configuration File System...
         Starting Apply Kernel Variables...
         Mounting FUSE Control File System...
[[0;32m  OK  [0m] Mounted Kernel Configuration File System.
[[0;32m  OK  [0m] Mounted FUSE Control File System.
[[0;32m  OK  [0m] Started Apply Kernel Variables.
[[0;32m  OK  [0m] Found device /dev/ttyS0.
[[0;32m  OK  [0m] Listening on Load/Save RF Kill Switch Status /dev/rfkill Watch.
         Mounting Arbitrary Executable File Formats File System...
[[0;32m  OK  [0m] Started Set the console keyboard layout.
[[0;32m  OK  [0m] Mounted Arbitrary Executable File Formats File System.
[[0;32m  OK  [0m] Started Dispatch Password Requests to Console Directory Watch.
[[0;32m  OK  [0m] Reached target Local Encrypted Volumes.
[[0;32m  OK  [0m] Reached target Local File Systems (Pre).
[[0;32m  OK  [0m] Reached target Local File Systems.
         Starting Commit a transient machine-id on disk...
         Starting ebtables ruleset management...
         Starting AppArmor initialization...
         Starting Tell Plymouth To Write Out Runtime Data...
         Starting Create Volatile Files and Directories...
         Starting Set console font and keymap...
[[0;32m  OK  [0m] Started Tell Plymouth To Write Out Runtime Data.
[[0;32m  OK  [0m] Started Commit a transient machine-id on disk.
[[0;32m  OK  [0m] Started Create Volatile Files and Directories.
         Starting Update UTMP about System Boot/Shutdown...
[[0;32m  OK  [0m] Started Update UTMP about System Boot/Shutdown.
[[0;32m  OK  [0m] Started ebtables ruleset management.
[[0;32m  OK  [0m] Started AppArmor initialization.
         Starting Initial cloud-init job (pre-networking)...
         Starting Load AppArmor profiles managed internally by snapd...
[[0;32m  OK  [0m] Started Load AppArmor profiles managed internally by snapd.
[[0;32m  OK  [0m] Started Set console font and keymap.
[   26.930047] cloud-init[724]: Cloud-init v. 23.1.1-0ubuntu0~18.04.1 running 'init-local' at Sun, 14 May 2023 12:53:38 +0000. Up 26.04 seconds.
[[0;32m  OK  [0m] Started Initial cloud-init job (pre-networking).
[[0;32m  OK  [0m] Reached target Network (Pre).
         Starting Network Service...
[[0;32m  OK  [0m] Started Network Service.
         Starting Wait for Network to be Configured...
         Starting Network Name Resolution...
[[0;32m  OK  [0m] Started Network Name Resolution.
[[0;32m  OK  [0m] Reached target Network.
[[0;32m  OK  [0m] Reached target Host and Network Name Lookups.
[[0;32m  OK  [0m] Started Wait for Network to be Configured.
         Starting Initial cloud-init job (metadata service crawler)...
[   30.037664] cloud-init[864]: Cloud-init v. 23.1.1-0ubuntu0~18.04.1 running 'init' at Sun, 14 May 2023 12:53:41 +0000. Up 29.66 seconds.
[   30.045178] cloud-init[864]: ci-info: ++++++++++++++++++++++++++++++++++++++Net device info++++++++++++++++++++++++++++++++++++++
[   30.053346] cloud-init[864]: ci-info: +--------+-------+---------------------------+---------------+--------+-------------------+
[   30.060602] cloud-init[864]: ci-info: | Device |   Up  |          Address          |      Mask     | Scope  |     Hw-Address    |
[   30.068067] cloud-init[864]: ci-info: +--------+-------+---------------------------+---------------+--------+-------------------+
[   30.075488] cloud-init[864]: ci-info: | enp0s3 |  True |         10.0.2.15         | 255.255.255.0 | global | 02:a3:74:7a:05:58 |
[   30.083675] cloud-init[864]: ci-info: | enp0s3 |  True | fe80::a3:74ff:fe7a:558/64 |       .       |  link  | 02:a3:74:7a:05:58 |
[   30.091902] cloud-init[864]: ci-info: | enp0s8 | False |             .             |       .       |   .    | 08:00:27:98:1c:eb |
[   30.099543] cloud-init[864]: ci-info: |   lo   |  True |         127.0.0.1         |   255.0.0.0   |  host  |         .         |
[   30.107999] cloud-init[864]: ci-info: |   lo   |  True |          ::1/128          |       .       |  host  |         .         |
[   30.115160] cloud-init[864]: ci-info: +--------+-------+---------------------------+---------------+--------+-------------------+
[   30.123141] cloud-init[864]: ci-info: ++++++++++++++++++++++++++++Route IPv4 info+++++++++++++++++++++++++++++
[   30.129698] cloud-init[864]: ci-info: +-------+-------------+----------+-----------------+-----------+-------+
[   30.136378] cloud-init[864]: ci-info: | Route | Destination | Gateway  |     Genmask     | Interface | Flags |
[   30.145105] cloud-init[864]: ci-info: +-------+-------------+----------+-----------------+-----------+-------+
[   30.152660] cloud-init[864]: ci-info: |   0   |   0.0.0.0   | 10.0.2.2 |     0.0.0.0     |   enp0s3  |   UG  |
[   30.160146] cloud-init[864]: ci-info: |   1   |   10.0.2.0  | 0.0.0.0  |  255.255.255.0  |   enp0s3  |   U   |
[   30.168574] cloud-init[864]: ci-info: |   2   |   10.0.2.2  | 0.0.0.0  | 255.255.255.255 |   enp0s3  |   UH  |
[   30.176407] cloud-init[864]: ci-info: +-------+-------------+----------+-----------------+-----------+-------+
[   30.185554] cloud-init[864]: ci-info: +++++++++++++++++++Route IPv6 info+++++++++++++++++++
[   30.193237] cloud-init[864]: ci-info: +-------+-------------+---------+-----------+-------+
[   30.200807] cloud-init[864]: ci-info: | Route | Destination | Gateway | Interface | Flags |
[   30.208444] cloud-init[864]: ci-info: +-------+-------------+---------+-----------+-------+
[   30.215376] cloud-init[864]: ci-info: |   1   |  fe80::/64  |    ::   |   enp0s3  |   U   |
[   30.222549] cloud-init[864]: ci-info: |   3   |    local    |    ::   |   enp0s3  |   U   |
[   30.230712] cloud-init[864]: ci-info: |   4   |   ff00::/8  |    ::   |   enp0s3  |   U   |
[   30.237144] cloud-init[864]: ci-info: +-------+-------------+---------+-----------+-------+
[   31.916905] cloud-init[864]: Generating public/private rsa key pair.
[   31.930425] cloud-init[864]: Your identification has been saved in /etc/ssh/ssh_host_rsa_key.
[   31.945962] cloud-init[864]: Your public key has been saved in /etc/ssh/ssh_host_rsa_key.pub.
[   31.957090] cloud-init[864]: The key fingerprint is:
[   31.964050] cloud-init[864]: SHA256:33k+UY12Kacd62Nf84esYEl7MZbpps2ohakbA2GV+LY root@ubuntu-bionic
[   31.971839] cloud-init[864]: The key's randomart image is:
[   31.979386] cloud-init[864]: +---[RSA 2048]----+
[   31.988500] cloud-init[864]: |     ...         |
[   31.994742] cloud-init[864]: |    ...          |
[   32.001184] cloud-init[864]: |    o.         .o|
[   32.007410] cloud-init[864]: |   . .o      +o++|
[   32.014393] cloud-init[864]: |    .. .S . *.=oo|[[0;32m  OK  [0m] 
[   32.021572] cloud-init[864]: |     .E  = * =.o |
[   32.021814] cloud-init[864]: |      o o B *.o+.|
[   32.022301] cloud-init[864]: |       + o O o++=|
[   32.022678] cloud-init[864]: |      o...o +.o.*|
[   32.023092] cloud-init[864]: +----[SHA256]-----+
[   32.024840] cloud-init[864]: Generating public/private dsa key pair.
[   32.025178] cloud-init[864]: Your identification has been saved in /etc/ssh/ssh_host_dsa_key.
[   32.025630] cloud-init[864]: Your public key has been saved in /etc/ssh/ssh_host_dsa_key.pub.
[   32.026068] cloud-init[864]: The key fingerprint is:
[   32.026535] cloud-init[864]: SHA256:5BYwXnPiUVHThJUwPgebVwAeYjof/Yani3ojCKHpigA root@ubuntu-bionic
[   32.027037] cloud-init[864]: The key's randomart image is:
[   32.027483] cloud-init[864]: +---[DSA 1024]----+
[   32.028773] cloud-init[864]: |      o =.*oOB+o.|
[   32.029160] cloud-init[864]: |     . = B =.Bo. |
[   32.029529] cloud-init[864]: |      . * . B o  |
[   32.029928] cloud-init[864]: |    .  o + . *   |
[   32.030304] cloud-init[864]: |E  o .  S . . +  |
[   32.030697] cloud-init[864]: |. o .  .     +   |
[   32.031165] cloud-init[864]: |..   . .    .    |
[   32.032029] cloud-init[864]: |o .   . . o. .   |
[   32.033167] cloud-init[864]: |o.      .+...    |
[   32.033632] cloud-init[864]: +----[SHA256]-----+
[   32.034073] cloud-init[864]: Generating public/private ecdsa key pair.
[   32.034550] cloud-init[864]: Your identification has been saved in /etc/ssh/ssh_host_ecdsa_key.
[   32.035008] cloud-init[864]: Your public key has been saved in /etc/ssh/ssh_host_ecdsa_key.pub.
[   32.035535] cloud-init[864]: The key fingerprint is:
[   32.035919] cloud-init[864]: SHA256:BChvQ7yv/0I4AbLBNuZ7NB8weT+BA3yrCoqh8PTML3k root@ubuntu-bionic
[   32.036847] cloud-init[864]: The key's randomart image is:
[   32.037191] cloud-init[864]: +---[ECDSA 256]---+
[   32.037576] cloud-init[864]: |. .oo.o          |
[   32.037948] cloud-init[864]: |o=o=+= o         |
[   32.038330] cloud-init[864]: |++.==.+ o        |
[   32.038752] cloud-init[864]: |.. o*o +         |
[   32.039176] cloud-init[864]: |  o.+=. S        |
[   32.039562] cloud-init[864]: |+..oo.o          |
[   32.041653] cloud-init[864]: |*+o+ =           |
[   32.041969] cloud-init[864]: |+.. B E          |
[   32.042455] cloud-init[864]: |     =oo.        |
[   32.043360] cloud-init[864]: +----[SHA256]-----+
[   32.043688] cloud-init[864]: Generating public/private ed25519 key pair.
[   32.044311] cloud-init[864]: Your identification has been saved in /etc/ssh/ssh_host_ed25519_key.
[   32.044505] cloud-init[864]: Your public key has been saved in /etc/ssh/ssh_host_ed25519_key.pub.
[   32.044825] cloud-init[864]: The key fingerprint is:
[   32.045300] cloud-init[864]: SHA256:6VNEgToVgHl+7HRx72dVhOhWsrI0eww+EwsFyU4gyDE root@ubuntu-bionic
[   32.045768] cloud-init[864]: The key's randomart image is:
[   32.046216] cloud-init[864]: +--[ED25519 256]--+
[   32.046662] cloud-init[864]: | .Eo.oo+o=o. . o.|
[   32.047246] cloud-init[864]: |  o.o.. *.o + o .|
[   32.047697] cloud-init[864]: |     o * ..+ =  .|
[   32.048835] cloud-init[864]: |      + *oB + . .|
[   32.049130] cloud-init[864]: |       =S=.@ .  .|
[   32.049450] cloud-init[864]: |       ...B o . o|
[   32.049776] cloud-init[864]: |        o  +   o |
[   32.050106] cloud-init[864]: |         .       |
[   32.050478] cloud-init[864]: |                 |
[   32.050890] cloud-init[864]: +----[SHA256]-----+
Started Initial cloud-init job (metadata service crawler).
[[0;32m  OK  [0m] Reached target System Initialization.
[[0;32m  OK  [0m] Started Ubuntu Advantage Timer for running repeated jobs.
[[0;32m  OK  [0m] Listening on Open-iSCSI iscsid Socket.
[[0;32m  OK  [0m] Started Daily apt download activities.
[[0;32m  OK  [0m] Started Message of the Day.
[[0;32m  OK  [0m] Started Daily Cleanup of Temporary Directories.
[[0;32m  OK  [0m] Listening on cloud-init hotplug hook socket.
[[0;32m  OK  [0m] Listening on UUID daemon activation socket.
         Starting Socket activation for snappy daemon.
[[0;32m  OK  [0m] Started ACPI Events Check.
[[0;32m  OK  [0m] Reached target Paths.
[[0;32m  OK  [0m] Started Daily apt upgrade and clean activities.
[[0;32m  OK  [0m] Listening on D-Bus System Message Bus Socket.
         Starting LXD - unix socket.
[[0;32m  OK  [0m] Listening on ACPID Listen Socket.
[[0;32m  OK  [0m] Started Discard unused blocks once a week.
[[0;32m  OK  [0m] Reached target Timers.
[[0;32m  OK  [0m] Reached target Cloud-config availability.
[[0;32m  OK  [0m] Reached target Network is Online.
         Starting Availability of block devices...
[[0;32m  OK  [0m] Reached target Remote File Systems (Pre).
[[0;32m  OK  [0m] Reached target Remote File Systems.
[[0;32m  OK  [0m] Listening on Socket activation for snappy daemon.
[[0;32m  OK  [0m] Listening on LXD - unix socket.
[[0;32m  OK  [0m] Reached target Sockets.
[[0;32m  OK  [0m] Reached target Basic System.
[[0;32m  OK  [0m] Started FUSE filesystem for LXC.
[[0;32m  OK  [0m] Started Deferred execution scheduler.
[[0;32m  OK  [0m] Reached target Login Prompts (Pre).
[[0;32m  OK  [0m] Started Regular background program processing daemon.
         Starting Dispatcher daemon for systemd-networkd...
         Starting System Logging Service...
[[0;32m  OK  [0m] Started irqbalance daemon.
         Starting LSB: automatic crash report generation...
         Starting Pollinate to seed the pseudo random number generator...
         Starting Login Service...
         Starting Permit User Sessions...
         Starting Virtualbox guest utils...
         Starting LXD - container startup/shutdown...
         Starting LSB: Record successful boot for GRUB...
         Starting Accounts Service...
[[0;32m  OK  [0m] Started D-Bus System Message Bus.
[[0;32m  OK  [0m] Started Login Service.
[[0;32m  OK  [0m] Started Unattended Upgrades Shutdown.
         Starting Snap Daemon...
[[0;32m  OK  [0m] Started System Logging Service.
[[0;32m  OK  [0m] Started Availability of block devices.
[[0;32m  OK  [0m] Started Permit User Sessions.
         Starting Authorization Manager...
         Starting Terminate Plymouth Boot Screen...
         Starting Hold until boot process finishes up...
[[0;32m  OK  [0m] Started Terminate Plymouth Boot Screen.
[[0;32m  OK  [0m] Started Hold until boot process finishes up.
         Starting Set console scheme...
[[0;32m  OK  [0m] Started Serial Getty on ttyS0.
[[0;32m  OK  [0m] Started Authorization Manager.
[[0;32m  OK  [0m] Started Accounts Service.
[[0;32m  OK  [0m] Started Set console scheme.
[[0;32m  OK  [0m] Created slice system-getty.slice.
[[0;32m  OK  [0m] Started Getty on tty1.
[[0;32m  OK  [0m] Reached target Login Prompts.
[[0;32m  OK  [0m] Started LSB: automatic crash report generation.
[[0;32m  OK  [0m] Started Dispatcher daemon for systemd-networkd.
[[0;32m  OK  [0m] Started LSB: Record successful boot for GRUB.
[[0;32m  OK  [0m] Started Virtualbox guest utils.
[[0;32m  OK  [0m] Started LXD - container startup/shutdown.
[[0;32m  OK  [0m] Started Snap Daemon.
         Starting Wait until snapd is fully seeded...
[[0;32m  OK  [0m] Started Pollinate to seed the pseudo random number generator.
         Starting OpenBSD Secure Shell server...
[[0;32m  OK  [0m] Started OpenBSD Secure Shell server.
[[0;32m  OK  [0m] Created slice User Slice of vagrant.
         Starting User Manager for UID 1000...
[[0;32m  OK  [0m] Started Session 1 of user vagrant.
[[0;32m  OK  [0m] Started User Manager for UID 1000.
         Starting Time & Date Service...
[[0;32m  OK  [0m] Started Time & Date Service.

Ubuntu 18.04.6 LTS ubuntu-bionic ttyS0

ubuntu-bionic login: [   44.301437] cloud-init[1484]: Cloud-init v. 23.1.1-0ubuntu0~18.04.1 running 'modules:config' at Sun, 14 May 2023 12:53:54 +0000. Up 42.47 seconds.
ci-info: no authorized SSH keys fingerprints found for user ubuntu.
<14>May 14 12:53:58 cloud-init: #############################################################
<14>May 14 12:53:58 cloud-init: -----BEGIN SSH HOST KEY FINGERPRINTS-----
<14>May 14 12:53:58 cloud-init: 1024 SHA256:5BYwXnPiUVHThJUwPgebVwAeYjof/Yani3ojCKHpigA root@ubuntu-bionic (DSA)
<14>May 14 12:53:58 cloud-init: 256 SHA256:BChvQ7yv/0I4AbLBNuZ7NB8weT+BA3yrCoqh8PTML3k root@ubuntu-bionic (ECDSA)
<14>May 14 12:53:58 cloud-init: 256 SHA256:6VNEgToVgHl+7HRx72dVhOhWsrI0eww+EwsFyU4gyDE root@ubuntu-bionic (ED25519)
<14>May 14 12:53:58 cloud-init: 2048 SHA256:33k+UY12Kacd62Nf84esYEl7MZbpps2ohakbA2GV+LY root@ubuntu-bionic (RSA)
<14>May 14 12:53:58 cloud-init: -----END SSH HOST KEY FINGERPRINTS-----
<14>May 14 12:53:58 cloud-init: #############################################################
-----BEGIN SSH HOST KEY KEYS-----
ecdsa-sha2-nistp256 AAAAE2VjZHNhLXNoYTItbmlzdHAyNTYAAAAIbmlzdHAyNTYAAABBBPKuzx/oNTKIzQue9nJalpnlXE8yqeCgl32kXaVA8/bbXlYrvK+CCM+jLRO5wzfVXfwDrdrIMGUXQv13fDoY+I4= root@ubuntu-bionic
ssh-ed25519 AAAAC3NzaC1lZDI1NTE5AAAAIEI3gKt5HI2nOfMtqlEu8xDiTfzoAxrB4bTLj5+YxPXq root@ubuntu-bionic
ssh-rsa AAAAB3NzaC1yc2EAAAADAQABAAABAQDLlyuadhSqqnNy/Gpc74OPs7d9oIdn6My2DF8PJR41lJLRQSlrCB61hLk147uSCWGalcpaPfAVnFs/H8p6VDAtbXVqIKMlPT4Yeq00iHkOISN0xKcYuQeE+W02JEcsPDK9/o7hfd03iq508oUh3cQBfkcgl7Rw74giI/KqtFOL2elir+vlYHBU3pQttGvDLd4WcEUEIlF1Ug8dWMAx7Ov0hxJQS/qqueGCJfS3917jjnWrFDL2MtVsdSgjp73FZugCRGVvroauUvVffMXm/gMXuHs94m/+p0DDLW8vdc6atBVdpygtI7/+aioEfvCr+OoTqvcn4zVlJ/aOcQPoEBBp root@ubuntu-bionic
-----END SSH HOST KEY KEYS-----
[   46.460667] cloud-init[1604]: Cloud-init v. 23.1.1-0ubuntu0~18.04.1 running 'modules:final' at Sun, 14 May 2023 12:53:58 +0000. Up 46.02 seconds.
[   46.461108] cloud-init[1604]: Cloud-init v. 23.1.1-0ubuntu0~18.04.1 finished at Sun, 14 May 2023 12:53:58 +0000. Datasource DataSourceNoCloud [seed=/dev/sdb][dsmode=net].  Up 46.43 seconds
                                                                         [ 2176.718146] watchdog: BUG: soft lockup - CPU#0 stuck for 149s! [containerd-shim:30405]
[ 2176.7218[ 1525.856638] INFO: rcu_sched detected stalls on CPUs/tasks:
[ 1525.860348] 	1-...!: (0 ticks this GP) idle=686/140000000000000/0 softirq=93142/93142 fqs=0 
[ 1525.865834] 	(detected by 0, t=109046 jiffies, g=30049, c=30048, q=22)
[ 1525.870353] rcu_sched kthread starved for 109046 jiffies! g30049 c30048 f0x2 RCU_GP_WAIT_FQS(3) ->state=0x200 ->cpu=0
elf-detected stall on CPU
[ 2176.742581] 	0-...!: (1 GPs behind) idle=5a6/140000000000002/0 softirq=148514/148547 fqs=0 
[ 2176.746871] 	 (t=40017 jiffies g=46328 c=46327 q=79)
[ 2176.749786] rcu_sched kthread starved for 40024 jiffies! g46328 c46327 f0x0 RCU_GP_WAIT_FQS(3) ->state=0x0 ->cpu=1
[ 7808.505843] INFO: rcu_sched self-detected stall on CPU
[ 7808.506085] INFO: rcu_sched self-detected stall on CPU
[ 7808.510033] 	0-...!: (1 ticks this GP) idle=2ae/140000000000001/0 softirq=158430/158430 fqs=0 
[ 7808.519839] 	 (t=154913 jiffies g=49053 c=49052 q=1200)
[ 7808.519931] 	1-...!: (1 GPs behind) idle=206/140000000000001/0 softirq=144800/144801 fqs=0 
[ 7808.523706] rcu_sched kthread starved for 154913 jiffies! g49053 c49052 f0x0 RCU_GP_WAIT_FQS(3) ->state=0x402 ->cpu=0
[ 7808.529908] 	 (t=154913 jiffies g=49053 c=49052 q=1200)
[ 7808.540742] rcu_sched kthread starved for 154913 jiffies! g49053 c49052 f0x0 RCU_GP_WAIT_FQS(3) ->state=0x402 ->cpu=0
[ 7808.619946] INFO: rcu_sched self-detected stall on CPU
[ 7808.619944] INFO: rcu_sched self-detected stall on CPU
[ 7808.623489] 	1-...!: (1 GPs behind) idle=206/140000000000001/0 softirq=144800/144801 fqs=0 
[ 7808.632796] 	 (t=1254453 jiffies g=49053 c=49052 q=1200)
[ 7808.632835] 	0-...!: (2 ticks this GP) idle=2ae/140000000000001/0 softirq=158430/158430 fqs=0 
[ 7808.637215] rcu_sched kthread starved for 1254453 jiffies! g49053 c49052 f0x0 RCU_GP_WAIT_FQS(3) ->state=0x200 ->cpu=0
[ 7808.642971] 	 (t=1254453 jiffies g=49053 c=49052 q=1200)
[ 7808.696678] rcu_sched kthread starved for 1254453 jiffies! g49053 c49052 f0x0 RCU_GP_WAIT_FQS(3) ->state=0x200 ->cpu=0
[ 9460.235439] INFO: rcu_sched detected stalls on CPUs/tasks:
[ 9460.235882] watchdog: BUG: soft lockup - CPU#1 stuck for 680s! [containerd-shim:31727]
[ 9460.242619] 	1-...!: (1 GPs behind) idle=c9e/140000000000001/0 softirq=156939/156940 fqs=0 
[ 9460.315318] 	
[ 9460.352052] rcu_sched kthread starved for 181971 jiffies! g53434 c53433 f0x0 RCU_GP_WAIT_FQS(3) ->state=0x402 ->cpu=0
